nohup: ignoring input
2025-10-11 17:28:57.429853: I tensorflow/core/platform/cpu_feature_guard.cc:193] This TensorFlow binary is optimized with oneAPI Deep Neural Network Library (oneDNN) to use the following CPU instructions in performance-critical operations:  SSE4.1 SSE4.2 AVX AVX2 FMA
To enable them in other operations, rebuild TensorFlow with the appropriate compiler flags.
2025-10-11 17:29:07.103351: I tensorflow/core/platform/cpu_feature_guard.cc:193] This TensorFlow binary is optimized with oneAPI Deep Neural Network Library (oneDNN) to use the following CPU instructions in performance-critical operations:  SSE4.1 SSE4.2 AVX AVX2 FMA
To enable them in other operations, rebuild TensorFlow with the appropriate compiler flags.
/home/gene/zhangym/.conda/envs/ID_PY390/lib/python3.9/site-packages/ramanbiolib/search.py:1042: RuntimeWarning: invalid value encountered in divide
  spectra_a = (spectra_a - np.min(spectra_a))/(np.max(spectra_a) - np.min(spectra_a))
/home/gene/zhangym/.conda/envs/ID_PY390/lib/python3.9/site-packages/ramanbiolib/search.py:1042: RuntimeWarning: invalid value encountered in divide
  spectra_a = (spectra_a - np.min(spectra_a))/(np.max(spectra_a) - np.min(spectra_a))
/home/gene/zhangym/.conda/envs/ID_PY390/lib/python3.9/site-packages/ramanbiolib/search.py:1042: RuntimeWarning: invalid value encountered in divide
  spectra_a = (spectra_a - np.min(spectra_a))/(np.max(spectra_a) - np.min(spectra_a))
/home/gene/zhangym/.conda/envs/ID_PY390/lib/python3.9/site-packages/ramanbiolib/search.py:1042: RuntimeWarning: invalid value encountered in divide
  spectra_a = (spectra_a - np.min(spectra_a))/(np.max(spectra_a) - np.min(spectra_a))
/home/gene/zhangym/.conda/envs/ID_PY390/lib/python3.9/site-packages/ramanbiolib/search.py:1042: RuntimeWarning: invalid value encountered in divide
  spectra_a = (spectra_a - np.min(spectra_a))/(np.max(spectra_a) - np.min(spectra_a))
/home/gene/zhangym/.conda/envs/ID_PY390/lib/python3.9/site-packages/ramanbiolib/search.py:1042: RuntimeWarning: invalid value encountered in divide
  spectra_a = (spectra_a - np.min(spectra_a))/(np.max(spectra_a) - np.min(spectra_a))
/home/gene/zhangym/.conda/envs/ID_PY390/lib/python3.9/site-packages/ramanbiolib/search.py:1042: RuntimeWarning: invalid value encountered in divide
  spectra_a = (spectra_a - np.min(spectra_a))/(np.max(spectra_a) - np.min(spectra_a))
/home/gene/zhangym/.conda/envs/ID_PY390/lib/python3.9/site-packages/ramanbiolib/search.py:1042: RuntimeWarning: invalid value encountered in divide
  spectra_a = (spectra_a - np.min(spectra_a))/(np.max(spectra_a) - np.min(spectra_a))
/home/gene/zhangym/.conda/envs/ID_PY390/lib/python3.9/site-packages/ramanbiolib/search.py:1042: RuntimeWarning: invalid value encountered in divide
  spectra_a = (spectra_a - np.min(spectra_a))/(np.max(spectra_a) - np.min(spectra_a))
/home/gene/zhangym/.conda/envs/ID_PY390/lib/python3.9/site-packages/ramanbiolib/search.py:1042: RuntimeWarning: invalid value encountered in divide
  spectra_a = (spectra_a - np.min(spectra_a))/(np.max(spectra_a) - np.min(spectra_a))
/home/gene/zhangym/.conda/envs/ID_PY390/lib/python3.9/site-packages/ramanbiolib/search.py:1042: RuntimeWarning: invalid value encountered in divide
  spectra_a = (spectra_a - np.min(spectra_a))/(np.max(spectra_a) - np.min(spectra_a))
/home/gene/zhangym/.conda/envs/ID_PY390/lib/python3.9/site-packages/ramanbiolib/search.py:1042: RuntimeWarning: invalid value encountered in divide
  spectra_a = (spectra_a - np.min(spectra_a))/(np.max(spectra_a) - np.min(spectra_a))
/home/gene/zhangym/.conda/envs/ID_PY390/lib/python3.9/site-packages/ramanbiolib/search.py:1042: RuntimeWarning: invalid value encountered in divide
  spectra_a = (spectra_a - np.min(spectra_a))/(np.max(spectra_a) - np.min(spectra_a))
/home/gene/zhangym/.conda/envs/ID_PY390/lib/python3.9/site-packages/ramanbiolib/search.py:1042: RuntimeWarning: invalid value encountered in divide
  spectra_a = (spectra_a - np.min(spectra_a))/(np.max(spectra_a) - np.min(spectra_a))
/home/gene/zhangym/.conda/envs/ID_PY390/lib/python3.9/site-packages/ramanbiolib/search.py:1042: RuntimeWarning: invalid value encountered in divide
  spectra_a = (spectra_a - np.min(spectra_a))/(np.max(spectra_a) - np.min(spectra_a))
/home/gene/zhangym/.conda/envs/ID_PY390/lib/python3.9/site-packages/ramanbiolib/search.py:1042: RuntimeWarning: invalid value encountered in divide
  spectra_a = (spectra_a - np.min(spectra_a))/(np.max(spectra_a) - np.min(spectra_a))
/home/gene/zhangym/.conda/envs/ID_PY390/lib/python3.9/site-packages/ramanbiolib/search.py:1042: RuntimeWarning: invalid value encountered in divide
  spectra_a = (spectra_a - np.min(spectra_a))/(np.max(spectra_a) - np.min(spectra_a))
/home/gene/zhangym/.conda/envs/ID_PY390/lib/python3.9/site-packages/ramanbiolib/search.py:1042: RuntimeWarning: invalid value encountered in divide
  spectra_a = (spectra_a - np.min(spectra_a))/(np.max(spectra_a) - np.min(spectra_a))
/home/gene/zhangym/.conda/envs/ID_PY390/lib/python3.9/site-packages/ramanbiolib/search.py:1042: RuntimeWarning: invalid value encountered in divide
  spectra_a = (spectra_a - np.min(spectra_a))/(np.max(spectra_a) - np.min(spectra_a))
/home/gene/zhangym/.conda/envs/ID_PY390/lib/python3.9/site-packages/ramanbiolib/search.py:1042: RuntimeWarning: invalid value encountered in divide
  spectra_a = (spectra_a - np.min(spectra_a))/(np.max(spectra_a) - np.min(spectra_a))
/home/gene/zhangym/.conda/envs/ID_PY390/lib/python3.9/site-packages/ramanbiolib/search.py:1042: RuntimeWarning: invalid value encountered in divide
  spectra_a = (spectra_a - np.min(spectra_a))/(np.max(spectra_a) - np.min(spectra_a))
/home/gene/zhangym/.conda/envs/ID_PY390/lib/python3.9/site-packages/ramanbiolib/search.py:1042: RuntimeWarning: invalid value encountered in divide
  spectra_a = (spectra_a - np.min(spectra_a))/(np.max(spectra_a) - np.min(spectra_a))
成功复制配置文件到: /mnt/sda/gene/zhangym/VADER/VADER/Test_MCREC/1010_Generate/NC_9

Clustering method: leiden
Number of clusters changed from 20 to 15. Reinitializing Gaussian.
使用学习率调度器

Epoch [1/300]
LR: 0.0001, Total Loss: 9147.79, Recon Loss: 8695.06, KL GMM: 369.38, KL VAE: 81.47, Entropy: 1.89, Weiggted Spectral: 0.00, Match Loss: 0.000000, Unsimilarity Loss: 0.00
GMM ACC: 0.7226, GMM NMI: 0.7808, GMM ARI: 0.6439
Z_Leiden ACC: 0.7665, Z_Leiden NMI: 0.8225, Z_Leiden ARI: 0.7004

Epoch [2/300]
LR: 0.0001, Total Loss: 7036.29, Recon Loss: 6596.18, KL GMM: 368.49, KL VAE: 69.85, Entropy: 1.78, Weiggted Spectral: 0.00, Match Loss: 0.000000, Unsimilarity Loss: 0.00
GMM ACC: 0.7348, GMM NMI: 0.7772, GMM ARI: 0.6426
Z_Leiden ACC: 0.6681, Z_Leiden NMI: 0.8027, Z_Leiden ARI: 0.6646

Epoch [3/300]
LR: 0.0001, Total Loss: 6981.60, Recon Loss: 6543.77, KL GMM: 368.23, KL VAE: 67.93, Entropy: 1.66, Weiggted Spectral: 0.00, Match Loss: 0.000000, Unsimilarity Loss: 0.00
GMM ACC: 0.7361, GMM NMI: 0.7807, GMM ARI: 0.6489
Z_Leiden ACC: 0.6903, Z_Leiden NMI: 0.8087, Z_Leiden ARI: 0.6679

Epoch [4/300]
LR: 0.0001, Total Loss: 6953.07, Recon Loss: 6516.29, KL GMM: 368.04, KL VAE: 67.18, Entropy: 1.56, Weiggted Spectral: 0.00, Match Loss: 0.000000, Unsimilarity Loss: 0.00
GMM ACC: 0.7383, GMM NMI: 0.7827, GMM ARI: 0.6527
Z_Leiden ACC: 0.7981, Z_Leiden NMI: 0.8413, Z_Leiden ARI: 0.7331

Epoch [5/300]
LR: 0.0001, Total Loss: 6931.18, Recon Loss: 6495.28, KL GMM: 367.88, KL VAE: 66.54, Entropy: 1.47, Weiggted Spectral: 0.00, Match Loss: 0.000000, Unsimilarity Loss: 0.00
GMM ACC: 0.7393, GMM NMI: 0.7836, GMM ARI: 0.6543
Z_Leiden ACC: 0.7974, Z_Leiden NMI: 0.8306, Z_Leiden ARI: 0.7252

Epoch [6/300]
LR: 0.0001, Total Loss: 6919.89, Recon Loss: 6484.36, KL GMM: 367.74, KL VAE: 66.41, Entropy: 1.39, Weiggted Spectral: 0.00, Match Loss: 0.000000, Unsimilarity Loss: 0.00
GMM ACC: 0.7407, GMM NMI: 0.7842, GMM ARI: 0.6563
Z_Leiden ACC: 0.7109, Z_Leiden NMI: 0.8175, Z_Leiden ARI: 0.6906

Epoch [7/300]
LR: 0.0001, Total Loss: 6901.36, Recon Loss: 6466.49, KL GMM: 367.61, KL VAE: 65.94, Entropy: 1.31, Weiggted Spectral: 0.00, Match Loss: 0.000000, Unsimilarity Loss: 0.00
GMM ACC: 0.7426, GMM NMI: 0.7853, GMM ARI: 0.6574
Z_Leiden ACC: 0.7059, Z_Leiden NMI: 0.8208, Z_Leiden ARI: 0.6983

Epoch [8/300]
LR: 0.0001, Total Loss: 6886.23, Recon Loss: 6452.13, KL GMM: 367.49, KL VAE: 65.37, Entropy: 1.25, Weiggted Spectral: 0.00, Match Loss: 0.000000, Unsimilarity Loss: 0.00
GMM ACC: 0.7442, GMM NMI: 0.7860, GMM ARI: 0.6578
Z_Leiden ACC: 0.7482, Z_Leiden NMI: 0.8253, Z_Leiden ARI: 0.7076

Epoch [9/300]
LR: 0.0001, Total Loss: 6867.59, Recon Loss: 6433.83, KL GMM: 367.38, KL VAE: 65.20, Entropy: 1.18, Weiggted Spectral: 0.00, Match Loss: 0.000000, Unsimilarity Loss: 0.00
GMM ACC: 0.7469, GMM NMI: 0.7862, GMM ARI: 0.6598
Z_Leiden ACC: 0.7487, Z_Leiden NMI: 0.8267, Z_Leiden ARI: 0.7221

Epoch [10/300]
LR: 0.0001, Total Loss: 6851.55, Recon Loss: 6418.07, KL GMM: 367.27, KL VAE: 65.08, Entropy: 1.13, Weiggted Spectral: 0.00, Match Loss: 0.000000, Unsimilarity Loss: 0.00
GMM ACC: 0.7479, GMM NMI: 0.7873, GMM ARI: 0.6607
Z_Leiden ACC: 0.8289, Z_Leiden NMI: 0.8574, Z_Leiden ARI: 0.7805

Epoch [11/300]
LR: 0.0001, Total Loss: 6851.94, Recon Loss: 6419.61, KL GMM: 367.16, KL VAE: 64.09, Entropy: 1.07, Weiggted Spectral: 0.00, Match Loss: 0.000000, Unsimilarity Loss: 0.00
GMM ACC: 0.7500, GMM NMI: 0.7892, GMM ARI: 0.6635
Z_Leiden ACC: 0.7445, Z_Leiden NMI: 0.8345, Z_Leiden ARI: 0.7174

Epoch [12/300]
LR: 0.0001, Total Loss: 6850.99, Recon Loss: 6419.15, KL GMM: 367.06, KL VAE: 63.76, Entropy: 1.02, Weiggted Spectral: 0.00, Match Loss: 0.000000, Unsimilarity Loss: 0.00
GMM ACC: 0.7452, GMM NMI: 0.7896, GMM ARI: 0.6600
Z_Leiden ACC: 0.8125, Z_Leiden NMI: 0.8498, Z_Leiden ARI: 0.7692

Epoch [13/300]
LR: 0.0001, Total Loss: 6826.16, Recon Loss: 6395.48, KL GMM: 366.95, KL VAE: 62.75, Entropy: 0.98, Weiggted Spectral: 0.00, Match Loss: 0.000000, Unsimilarity Loss: 0.00
GMM ACC: 0.7420, GMM NMI: 0.7894, GMM ARI: 0.6583
Z_Leiden ACC: 0.7921, Z_Leiden NMI: 0.8618, Z_Leiden ARI: 0.7796

Epoch [14/300]
LR: 0.0001, Total Loss: 6818.74, Recon Loss: 6388.91, KL GMM: 366.84, KL VAE: 62.05, Entropy: 0.94, Weiggted Spectral: 0.00, Match Loss: 0.000000, Unsimilarity Loss: 0.00
GMM ACC: 0.7423, GMM NMI: 0.7922, GMM ARI: 0.6617
Z_Leiden ACC: 0.7533, Z_Leiden NMI: 0.8368, Z_Leiden ARI: 0.7157

Epoch [15/300]
LR: 0.0001, Total Loss: 6814.26, Recon Loss: 6385.77, KL GMM: 366.75, KL VAE: 60.84, Entropy: 0.90, Weiggted Spectral: 0.00, Match Loss: 0.000000, Unsimilarity Loss: 0.00
GMM ACC: 0.7417, GMM NMI: 0.7944, GMM ARI: 0.6631
Z_Leiden ACC: 0.7874, Z_Leiden NMI: 0.8583, Z_Leiden ARI: 0.7752

Epoch [16/300]
LR: 0.0001, Total Loss: 6815.99, Recon Loss: 6389.13, KL GMM: 366.83, KL VAE: 59.17, Entropy: 0.86, Weiggted Spectral: 0.00, Match Loss: 0.000000, Unsimilarity Loss: 0.00
GMM ACC: 0.7411, GMM NMI: 0.7946, GMM ARI: 0.6631
Z_Leiden ACC: 0.8519, Z_Leiden NMI: 0.8805, Z_Leiden ARI: 0.8006

Epoch [17/300]
LR: 0.0001, Total Loss: 6801.52, Recon Loss: 6376.39, KL GMM: 367.27, KL VAE: 57.04, Entropy: 0.82, Weiggted Spectral: 0.00, Match Loss: 0.000000, Unsimilarity Loss: 0.00
GMM ACC: 0.7414, GMM NMI: 0.7967, GMM ARI: 0.6658
Z_Leiden ACC: 0.8418, Z_Leiden NMI: 0.8919, Z_Leiden ARI: 0.8059

Epoch [18/300]
LR: 0.0001, Total Loss: 6782.93, Recon Loss: 6358.65, KL GMM: 367.51, KL VAE: 55.98, Entropy: 0.79, Weiggted Spectral: 0.00, Match Loss: 0.000000, Unsimilarity Loss: 0.00
GMM ACC: 0.7413, GMM NMI: 0.7982, GMM ARI: 0.6664
Z_Leiden ACC: 0.8357, Z_Leiden NMI: 0.8870, Z_Leiden ARI: 0.7973

Epoch [19/300]
LR: 0.0001, Total Loss: 6779.68, Recon Loss: 6356.08, KL GMM: 367.69, KL VAE: 55.16, Entropy: 0.76, Weiggted Spectral: 0.00, Match Loss: 0.000000, Unsimilarity Loss: 0.00
GMM ACC: 0.7431, GMM NMI: 0.7995, GMM ARI: 0.6693
Z_Leiden ACC: 0.7744, Z_Leiden NMI: 0.9034, Z_Leiden ARI: 0.7804

Epoch [20/300]
LR: 0.0001, Total Loss: 6777.13, Recon Loss: 6353.86, KL GMM: 367.64, KL VAE: 54.91, Entropy: 0.73, Weiggted Spectral: 0.00, Match Loss: 0.000000, Unsimilarity Loss: 0.00
GMM ACC: 0.7450, GMM NMI: 0.8012, GMM ARI: 0.6708
Z_Leiden ACC: 0.7694, Z_Leiden NMI: 0.8991, Z_Leiden ARI: 0.7753

Epoch [21/300]
LR: 0.0001, Total Loss: 6790.72, Recon Loss: 6367.46, KL GMM: 367.56, KL VAE: 55.00, Entropy: 0.70, Weiggted Spectral: 0.00, Match Loss: 0.000000, Unsimilarity Loss: 0.00
GMM ACC: 0.7451, GMM NMI: 0.8027, GMM ARI: 0.6729
Z_Leiden ACC: 0.7705, Z_Leiden NMI: 0.9012, Z_Leiden ARI: 0.7770

Epoch [22/300]
LR: 0.0001, Total Loss: 6760.07, Recon Loss: 6337.38, KL GMM: 367.47, KL VAE: 54.55, Entropy: 0.67, Weiggted Spectral: 0.00, Match Loss: 0.000000, Unsimilarity Loss: 0.00
GMM ACC: 0.7423, GMM NMI: 0.8031, GMM ARI: 0.6718
Z_Leiden ACC: 0.7690, Z_Leiden NMI: 0.8987, Z_Leiden ARI: 0.7750

Epoch [23/300]
LR: 0.0001, Total Loss: 6757.61, Recon Loss: 6334.84, KL GMM: 367.38, KL VAE: 54.75, Entropy: 0.64, Weiggted Spectral: 0.00, Match Loss: 0.000000, Unsimilarity Loss: 0.00
GMM ACC: 0.7410, GMM NMI: 0.8057, GMM ARI: 0.6742
Z_Leiden ACC: 0.7747, Z_Leiden NMI: 0.9050, Z_Leiden ARI: 0.7815

Epoch [24/300]
LR: 0.0001, Total Loss: 6767.64, Recon Loss: 6345.32, KL GMM: 367.28, KL VAE: 54.42, Entropy: 0.62, Weiggted Spectral: 0.00, Match Loss: 0.000000, Unsimilarity Loss: 0.00
GMM ACC: 0.7431, GMM NMI: 0.8062, GMM ARI: 0.6749
Z_Leiden ACC: 0.7748, Z_Leiden NMI: 0.9056, Z_Leiden ARI: 0.7818

Epoch [25/300]
LR: 0.0001, Total Loss: 6752.08, Recon Loss: 6329.68, KL GMM: 367.19, KL VAE: 54.62, Entropy: 0.59, Weiggted Spectral: 0.00, Match Loss: 0.000000, Unsimilarity Loss: 0.00
GMM ACC: 0.7432, GMM NMI: 0.8069, GMM ARI: 0.6763
Z_Leiden ACC: 0.7753, Z_Leiden NMI: 0.9071, Z_Leiden ARI: 0.7828

Epoch [26/300]
LR: 0.0001, Total Loss: 6754.61, Recon Loss: 6332.40, KL GMM: 367.10, KL VAE: 54.54, Entropy: 0.57, Weiggted Spectral: 0.00, Match Loss: 0.000000, Unsimilarity Loss: 0.00
GMM ACC: 0.7457, GMM NMI: 0.8085, GMM ARI: 0.6794
Z_Leiden ACC: 0.8421, Z_Leiden NMI: 0.8960, Z_Leiden ARI: 0.8062

Epoch [27/300]
LR: 0.0001, Total Loss: 6737.27, Recon Loss: 6315.29, KL GMM: 367.00, KL VAE: 54.43, Entropy: 0.54, Weiggted Spectral: 0.00, Match Loss: 0.000000, Unsimilarity Loss: 0.00/home/gene/zhangym/.conda/envs/ID_PY390/lib/python3.9/site-packages/ramanbiolib/search.py:1042: RuntimeWarning: invalid value encountered in divide
  spectra_a = (spectra_a - np.min(spectra_a))/(np.max(spectra_a) - np.min(spectra_a))
/home/gene/zhangym/.conda/envs/ID_PY390/lib/python3.9/site-packages/ramanbiolib/search.py:1042: RuntimeWarning: invalid value encountered in divide
  spectra_a = (spectra_a - np.min(spectra_a))/(np.max(spectra_a) - np.min(spectra_a))
/home/gene/zhangym/.conda/envs/ID_PY390/lib/python3.9/site-packages/ramanbiolib/search.py:1042: RuntimeWarning: invalid value encountered in divide
  spectra_a = (spectra_a - np.min(spectra_a))/(np.max(spectra_a) - np.min(spectra_a))
/home/gene/zhangym/.conda/envs/ID_PY390/lib/python3.9/site-packages/ramanbiolib/search.py:1042: RuntimeWarning: invalid value encountered in divide
  spectra_a = (spectra_a - np.min(spectra_a))/(np.max(spectra_a) - np.min(spectra_a))
/home/gene/zhangym/.conda/envs/ID_PY390/lib/python3.9/site-packages/ramanbiolib/search.py:1042: RuntimeWarning: invalid value encountered in divide
  spectra_a = (spectra_a - np.min(spectra_a))/(np.max(spectra_a) - np.min(spectra_a))
/home/gene/zhangym/.conda/envs/ID_PY390/lib/python3.9/site-packages/ramanbiolib/search.py:1042: RuntimeWarning: invalid value encountered in divide
  spectra_a = (spectra_a - np.min(spectra_a))/(np.max(spectra_a) - np.min(spectra_a))
/home/gene/zhangym/.conda/envs/ID_PY390/lib/python3.9/site-packages/ramanbiolib/search.py:1042: RuntimeWarning: invalid value encountered in divide
  spectra_a = (spectra_a - np.min(spectra_a))/(np.max(spectra_a) - np.min(spectra_a))
/home/gene/zhangym/.conda/envs/ID_PY390/lib/python3.9/site-packages/ramanbiolib/search.py:1042: RuntimeWarning: invalid value encountered in divide
  spectra_a = (spectra_a - np.min(spectra_a))/(np.max(spectra_a) - np.min(spectra_a))
/home/gene/zhangym/.conda/envs/ID_PY390/lib/python3.9/site-packages/ramanbiolib/search.py:1042: RuntimeWarning: invalid value encountered in divide
  spectra_a = (spectra_a - np.min(spectra_a))/(np.max(spectra_a) - np.min(spectra_a))
/home/gene/zhangym/.conda/envs/ID_PY390/lib/python3.9/site-packages/ramanbiolib/search.py:1042: RuntimeWarning: invalid value encountered in divide
  spectra_a = (spectra_a - np.min(spectra_a))/(np.max(spectra_a) - np.min(spectra_a))
/home/gene/zhangym/.conda/envs/ID_PY390/lib/python3.9/site-packages/ramanbiolib/search.py:1042: RuntimeWarning: invalid value encountered in divide
  spectra_a = (spectra_a - np.min(spectra_a))/(np.max(spectra_a) - np.min(spectra_a))
/home/gene/zhangym/.conda/envs/ID_PY390/lib/python3.9/site-packages/ramanbiolib/search.py:1042: RuntimeWarning: invalid value encountered in divide
  spectra_a = (spectra_a - np.min(spectra_a))/(np.max(spectra_a) - np.min(spectra_a))
/home/gene/zhangym/.conda/envs/ID_PY390/lib/python3.9/site-packages/ramanbiolib/search.py:1042: RuntimeWarning: invalid value encountered in divide
  spectra_a = (spectra_a - np.min(spectra_a))/(np.max(spectra_a) - np.min(spectra_a))
/home/gene/zhangym/.conda/envs/ID_PY390/lib/python3.9/site-packages/ramanbiolib/search.py:1042: RuntimeWarning: invalid value encountered in divide
  spectra_a = (spectra_a - np.min(spectra_a))/(np.max(spectra_a) - np.min(spectra_a))
/home/gene/zhangym/.conda/envs/ID_PY390/lib/python3.9/site-packages/ramanbiolib/search.py:1042: RuntimeWarning: invalid value encountered in divide
  spectra_a = (spectra_a - np.min(spectra_a))/(np.max(spectra_a) - np.min(spectra_a))
/home/gene/zhangym/.conda/envs/ID_PY390/lib/python3.9/site-packages/ramanbiolib/search.py:1042: RuntimeWarning: invalid value encountered in divide
  spectra_a = (spectra_a - np.min(spectra_a))/(np.max(spectra_a) - np.min(spectra_a))
/home/gene/zhangym/.conda/envs/ID_PY390/lib/python3.9/site-packages/ramanbiolib/search.py:1042: RuntimeWarning: invalid value encountered in divide
  spectra_a = (spectra_a - np.min(spectra_a))/(np.max(spectra_a) - np.min(spectra_a))
/home/gene/zhangym/.conda/envs/ID_PY390/lib/python3.9/site-packages/ramanbiolib/search.py:1042: RuntimeWarning: invalid value encountered in divide
  spectra_a = (spectra_a - np.min(spectra_a))/(np.max(spectra_a) - np.min(spectra_a))
/home/gene/zhangym/.conda/envs/ID_PY390/lib/python3.9/site-packages/ramanbiolib/search.py:1042: RuntimeWarning: invalid value encountered in divide
  spectra_a = (spectra_a - np.min(spectra_a))/(np.max(spectra_a) - np.min(spectra_a))
/home/gene/zhangym/.conda/envs/ID_PY390/lib/python3.9/site-packages/ramanbiolib/search.py:1042: RuntimeWarning: invalid value encountered in divide
  spectra_a = (spectra_a - np.min(spectra_a))/(np.max(spectra_a) - np.min(spectra_a))
/home/gene/zhangym/.conda/envs/ID_PY390/lib/python3.9/site-packages/ramanbiolib/search.py:1042: RuntimeWarning: invalid value encountered in divide
  spectra_a = (spectra_a - np.min(spectra_a))/(np.max(spectra_a) - np.min(spectra_a))
/home/gene/zhangym/.conda/envs/ID_PY390/lib/python3.9/site-packages/ramanbiolib/search.py:1042: RuntimeWarning: invalid value encountered in divide
  spectra_a = (spectra_a - np.min(spectra_a))/(np.max(spectra_a) - np.min(spectra_a))
/home/gene/zhangym/.conda/envs/ID_PY390/lib/python3.9/site-packages/ramanbiolib/search.py:1042: RuntimeWarning: invalid value encountered in divide
  spectra_a = (spectra_a - np.min(spectra_a))/(np.max(spectra_a) - np.min(spectra_a))
/home/gene/zhangym/.conda/envs/ID_PY390/lib/python3.9/site-packages/ramanbiolib/search.py:1042: RuntimeWarning: invalid value encountered in divide
  spectra_a = (spectra_a - np.min(spectra_a))/(np.max(spectra_a) - np.min(spectra_a))
/home/gene/zhangym/.conda/envs/ID_PY390/lib/python3.9/site-packages/ramanbiolib/search.py:1042: RuntimeWarning: invalid value encountered in divide
  spectra_a = (spectra_a - np.min(spectra_a))/(np.max(spectra_a) - np.min(spectra_a))
/home/gene/zhangym/.conda/envs/ID_PY390/lib/python3.9/site-packages/ramanbiolib/search.py:1042: RuntimeWarning: invalid value encountered in divide
  spectra_a = (spectra_a - np.min(spectra_a))/(np.max(spectra_a) - np.min(spectra_a))
/home/gene/zhangym/.conda/envs/ID_PY390/lib/python3.9/site-packages/ramanbiolib/search.py:1042: RuntimeWarning: invalid value encountered in divide
  spectra_a = (spectra_a - np.min(spectra_a))/(np.max(spectra_a) - np.min(spectra_a))
/home/gene/zhangym/.conda/envs/ID_PY390/lib/python3.9/site-packages/ramanbiolib/search.py:1042: RuntimeWarning: invalid value encountered in divide
  spectra_a = (spectra_a - np.min(spectra_a))/(np.max(spectra_a) - np.min(spectra_a))
/home/gene/zhangym/.conda/envs/ID_PY390/lib/python3.9/site-packages/ramanbiolib/search.py:1042: RuntimeWarning: invalid value encountered in divide
  spectra_a = (spectra_a - np.min(spectra_a))/(np.max(spectra_a) - np.min(spectra_a))
/home/gene/zhangym/.conda/envs/ID_PY390/lib/python3.9/site-packages/ramanbiolib/search.py:1042: RuntimeWarning: invalid value encountered in divide
  spectra_a = (spectra_a - np.min(spectra_a))/(np.max(spectra_a) - np.min(spectra_a))
/home/gene/zhangym/.conda/envs/ID_PY390/lib/python3.9/site-packages/ramanbiolib/search.py:1042: RuntimeWarning: invalid value encountered in divide
  spectra_a = (spectra_a - np.min(spectra_a))/(np.max(spectra_a) - np.min(spectra_a))
/home/gene/zhangym/.conda/envs/ID_PY390/lib/python3.9/site-packages/ramanbiolib/search.py:1042: RuntimeWarning: invalid value encountered in divide
  spectra_a = (spectra_a - np.min(spectra_a))/(np.max(spectra_a) - np.min(spectra_a))
/home/gene/zhangym/.conda/envs/ID_PY390/lib/python3.9/site-packages/ramanbiolib/search.py:1042: RuntimeWarning: invalid value encountered in divide
  spectra_a = (spectra_a - np.min(spectra_a))/(np.max(spectra_a) - np.min(spectra_a))
/home/gene/zhangym/.conda/envs/ID_PY390/lib/python3.9/site-packages/ramanbiolib/search.py:1042: RuntimeWarning: invalid value encountered in divide
  spectra_a = (spectra_a - np.min(spectra_a))/(np.max(spectra_a) - np.min(spectra_a))
/home/gene/zhangym/.conda/envs/ID_PY390/lib/python3.9/site-packages/ramanbiolib/search.py:1042: RuntimeWarning: invalid value encountered in divide
  spectra_a = (spectra_a - np.min(spectra_a))/(np.max(spectra_a) - np.min(spectra_a))
/home/gene/zhangym/.conda/envs/ID_PY390/lib/python3.9/site-packages/ramanbiolib/search.py:1042: RuntimeWarning: invalid value encountered in divide
  spectra_a = (spectra_a - np.min(spectra_a))/(np.max(spectra_a) - np.min(spectra_a))
/home/gene/zhangym/.conda/envs/ID_PY390/lib/python3.9/site-packages/ramanbiolib/search.py:1042: RuntimeWarning: invalid value encountered in divide
  spectra_a = (spectra_a - np.min(spectra_a))/(np.max(spectra_a) - np.min(spectra_a))
/home/gene/zhangym/.conda/envs/ID_PY390/lib/python3.9/site-packages/ramanbiolib/search.py:1042: RuntimeWarning: invalid value encountered in divide
  spectra_a = (spectra_a - np.min(spectra_a))/(np.max(spectra_a) - np.min(spectra_a))
/home/gene/zhangym/.conda/envs/ID_PY390/lib/python3.9/site-packages/ramanbiolib/search.py:1042: RuntimeWarning: invalid value encountered in divide
  spectra_a = (spectra_a - np.min(spectra_a))/(np.max(spectra_a) - np.min(spectra_a))
/home/gene/zhangym/.conda/envs/ID_PY390/lib/python3.9/site-packages/ramanbiolib/search.py:1042: RuntimeWarning: invalid value encountered in divide
  spectra_a = (spectra_a - np.min(spectra_a))/(np.max(spectra_a) - np.min(spectra_a))
/home/gene/zhangym/.conda/envs/ID_PY390/lib/python3.9/site-packages/ramanbiolib/search.py:1042: RuntimeWarning: invalid value encountered in divide
  spectra_a = (spectra_a - np.min(spectra_a))/(np.max(spectra_a) - np.min(spectra_a))
/home/gene/zhangym/.conda/envs/ID_PY390/lib/python3.9/site-packages/ramanbiolib/search.py:1042: RuntimeWarning: invalid value encountered in divide
  spectra_a = (spectra_a - np.min(spectra_a))/(np.max(spectra_a) - np.min(spectra_a))
/home/gene/zhangym/.conda/envs/ID_PY390/lib/python3.9/site-packages/ramanbiolib/search.py:1042: RuntimeWarning: invalid value encountered in divide
  spectra_a = (spectra_a - np.min(spectra_a))/(np.max(spectra_a) - np.min(spectra_a))
/home/gene/zhangym/.conda/envs/ID_PY390/lib/python3.9/site-packages/ramanbiolib/search.py:1042: RuntimeWarning: invalid value encountered in divide
  spectra_a = (spectra_a - np.min(spectra_a))/(np.max(spectra_a) - np.min(spectra_a))
/home/gene/zhangym/.conda/envs/ID_PY390/lib/python3.9/site-packages/ramanbiolib/search.py:1042: RuntimeWarning: invalid value encountered in divide
  spectra_a = (spectra_a - np.min(spectra_a))/(np.max(spectra_a) - np.min(spectra_a))
/home/gene/zhangym/.conda/envs/ID_PY390/lib/python3.9/site-packages/ramanbiolib/search.py:1042: RuntimeWarning: invalid value encountered in divide
  spectra_a = (spectra_a - np.min(spectra_a))/(np.max(spectra_a) - np.min(spectra_a))
/home/gene/zhangym/.conda/envs/ID_PY390/lib/python3.9/site-packages/ramanbiolib/search.py:1042: RuntimeWarning: invalid value encountered in divide
  spectra_a = (spectra_a - np.min(spectra_a))/(np.max(spectra_a) - np.min(spectra_a))
/home/gene/zhangym/.conda/envs/ID_PY390/lib/python3.9/site-packages/ramanbiolib/search.py:1042: RuntimeWarning: invalid value encountered in divide
  spectra_a = (spectra_a - np.min(spectra_a))/(np.max(spectra_a) - np.min(spectra_a))
/home/gene/zhangym/.conda/envs/ID_PY390/lib/python3.9/site-packages/ramanbiolib/search.py:1042: RuntimeWarning: invalid value encountered in divide
  spectra_a = (spectra_a - np.min(spectra_a))/(np.max(spectra_a) - np.min(spectra_a))
/home/gene/zhangym/.conda/envs/ID_PY390/lib/python3.9/site-packages/ramanbiolib/search.py:1042: RuntimeWarning: invalid value encountered in divide
  spectra_a = (spectra_a - np.min(spectra_a))/(np.max(spectra_a) - np.min(spectra_a))
/home/gene/zhangym/.conda/envs/ID_PY390/lib/python3.9/site-packages/ramanbiolib/search.py:1042: RuntimeWarning: invalid value encountered in divide
  spectra_a = (spectra_a - np.min(spectra_a))/(np.max(spectra_a) - np.min(spectra_a))
/home/gene/zhangym/.conda/envs/ID_PY390/lib/python3.9/site-packages/ramanbiolib/search.py:1042: RuntimeWarning: invalid value encountered in divide
  spectra_a = (spectra_a - np.min(spectra_a))/(np.max(spectra_a) - np.min(spectra_a))
/home/gene/zhangym/.conda/envs/ID_PY390/lib/python3.9/site-packages/ramanbiolib/search.py:1042: RuntimeWarning: invalid value encountered in divide
  spectra_a = (spectra_a - np.min(spectra_a))/(np.max(spectra_a) - np.min(spectra_a))
/home/gene/zhangym/.conda/envs/ID_PY390/lib/python3.9/site-packages/ramanbiolib/search.py:1042: RuntimeWarning: invalid value encountered in divide
  spectra_a = (spectra_a - np.min(spectra_a))/(np.max(spectra_a) - np.min(spectra_a))
/home/gene/zhangym/.conda/envs/ID_PY390/lib/python3.9/site-packages/ramanbiolib/search.py:1042: RuntimeWarning: invalid value encountered in divide
  spectra_a = (spectra_a - np.min(spectra_a))/(np.max(spectra_a) - np.min(spectra_a))
/home/gene/zhangym/.conda/envs/ID_PY390/lib/python3.9/site-packages/ramanbiolib/search.py:1042: RuntimeWarning: invalid value encountered in divide
  spectra_a = (spectra_a - np.min(spectra_a))/(np.max(spectra_a) - np.min(spectra_a))
/home/gene/zhangym/.conda/envs/ID_PY390/lib/python3.9/site-packages/ramanbiolib/search.py:1042: RuntimeWarning: invalid value encountered in divide
  spectra_a = (spectra_a - np.min(spectra_a))/(np.max(spectra_a) - np.min(spectra_a))
/home/gene/zhangym/.conda/envs/ID_PY390/lib/python3.9/site-packages/ramanbiolib/search.py:1042: RuntimeWarning: invalid value encountered in divide
  spectra_a = (spectra_a - np.min(spectra_a))/(np.max(spectra_a) - np.min(spectra_a))
/home/gene/zhangym/.conda/envs/ID_PY390/lib/python3.9/site-packages/ramanbiolib/search.py:1042: RuntimeWarning: invalid value encountered in divide
  spectra_a = (spectra_a - np.min(spectra_a))/(np.max(spectra_a) - np.min(spectra_a))
/home/gene/zhangym/.conda/envs/ID_PY390/lib/python3.9/site-packages/ramanbiolib/search.py:1042: RuntimeWarning: invalid value encountered in divide
  spectra_a = (spectra_a - np.min(spectra_a))/(np.max(spectra_a) - np.min(spectra_a))
/home/gene/zhangym/.conda/envs/ID_PY390/lib/python3.9/site-packages/ramanbiolib/search.py:1042: RuntimeWarning: invalid value encountered in divide
  spectra_a = (spectra_a - np.min(spectra_a))/(np.max(spectra_a) - np.min(spectra_a))
/home/gene/zhangym/.conda/envs/ID_PY390/lib/python3.9/site-packages/ramanbiolib/search.py:1042: RuntimeWarning: invalid value encountered in divide
  spectra_a = (spectra_a - np.min(spectra_a))/(np.max(spectra_a) - np.min(spectra_a))
/home/gene/zhangym/.conda/envs/ID_PY390/lib/python3.9/site-packages/ramanbiolib/search.py:1042: RuntimeWarning: invalid value encountered in divide
  spectra_a = (spectra_a - np.min(spectra_a))/(np.max(spectra_a) - np.min(spectra_a))
/home/gene/zhangym/.conda/envs/ID_PY390/lib/python3.9/site-packages/ramanbiolib/search.py:1042: RuntimeWarning: invalid value encountered in divide
  spectra_a = (spectra_a - np.min(spectra_a))/(np.max(spectra_a) - np.min(spectra_a))
/home/gene/zhangym/.conda/envs/ID_PY390/lib/python3.9/site-packages/ramanbiolib/search.py:1042: RuntimeWarning: invalid value encountered in divide
  spectra_a = (spectra_a - np.min(spectra_a))/(np.max(spectra_a) - np.min(spectra_a))
/home/gene/zhangym/.conda/envs/ID_PY390/lib/python3.9/site-packages/ramanbiolib/search.py:1042: RuntimeWarning: invalid value encountered in divide
  spectra_a = (spectra_a - np.min(spectra_a))/(np.max(spectra_a) - np.min(spectra_a))
/home/gene/zhangym/.conda/envs/ID_PY390/lib/python3.9/site-packages/ramanbiolib/search.py:1042: RuntimeWarning: invalid value encountered in divide
  spectra_a = (spectra_a - np.min(spectra_a))/(np.max(spectra_a) - np.min(spectra_a))
/home/gene/zhangym/.conda/envs/ID_PY390/lib/python3.9/site-packages/ramanbiolib/search.py:1042: RuntimeWarning: invalid value encountered in divide
  spectra_a = (spectra_a - np.min(spectra_a))/(np.max(spectra_a) - np.min(spectra_a))
/home/gene/zhangym/.conda/envs/ID_PY390/lib/python3.9/site-packages/ramanbiolib/search.py:1042: RuntimeWarning: invalid value encountered in divide
  spectra_a = (spectra_a - np.min(spectra_a))/(np.max(spectra_a) - np.min(spectra_a))
/home/gene/zhangym/.conda/envs/ID_PY390/lib/python3.9/site-packages/ramanbiolib/search.py:1042: RuntimeWarning: invalid value encountered in divide
  spectra_a = (spectra_a - np.min(spectra_a))/(np.max(spectra_a) - np.min(spectra_a))
/home/gene/zhangym/.conda/envs/ID_PY390/lib/python3.9/site-packages/ramanbiolib/search.py:1042: RuntimeWarning: invalid value encountered in divide
  spectra_a = (spectra_a - np.min(spectra_a))/(np.max(spectra_a) - np.min(spectra_a))
/home/gene/zhangym/.conda/envs/ID_PY390/lib/python3.9/site-packages/ramanbiolib/search.py:1042: RuntimeWarning: invalid value encountered in divide
  spectra_a = (spectra_a - np.min(spectra_a))/(np.max(spectra_a) - np.min(spectra_a))
/home/gene/zhangym/.conda/envs/ID_PY390/lib/python3.9/site-packages/ramanbiolib/search.py:1042: RuntimeWarning: invalid value encountered in divide
  spectra_a = (spectra_a - np.min(spectra_a))/(np.max(spectra_a) - np.min(spectra_a))
/home/gene/zhangym/.conda/envs/ID_PY390/lib/python3.9/site-packages/ramanbiolib/search.py:1042: RuntimeWarning: invalid value encountered in divide
  spectra_a = (spectra_a - np.min(spectra_a))/(np.max(spectra_a) - np.min(spectra_a))
/home/gene/zhangym/.conda/envs/ID_PY390/lib/python3.9/site-packages/ramanbiolib/search.py:1042: RuntimeWarning: invalid value encountered in divide
  spectra_a = (spectra_a - np.min(spectra_a))/(np.max(spectra_a) - np.min(spectra_a))
/home/gene/zhangym/.conda/envs/ID_PY390/lib/python3.9/site-packages/ramanbiolib/search.py:1042: RuntimeWarning: invalid value encountered in divide
  spectra_a = (spectra_a - np.min(spectra_a))/(np.max(spectra_a) - np.min(spectra_a))
/home/gene/zhangym/.conda/envs/ID_PY390/lib/python3.9/site-packages/ramanbiolib/search.py:1042: RuntimeWarning: invalid value encountered in divide
  spectra_a = (spectra_a - np.min(spectra_a))/(np.max(spectra_a) - np.min(spectra_a))
/home/gene/zhangym/.conda/envs/ID_PY390/lib/python3.9/site-packages/ramanbiolib/search.py:1042: RuntimeWarning: invalid value encountered in divide
  spectra_a = (spectra_a - np.min(spectra_a))/(np.max(spectra_a) - np.min(spectra_a))
/home/gene/zhangym/.conda/envs/ID_PY390/lib/python3.9/site-packages/ramanbiolib/search.py:1042: RuntimeWarning: invalid value encountered in divide
  spectra_a = (spectra_a - np.min(spectra_a))/(np.max(spectra_a) - np.min(spectra_a))
/home/gene/zhangym/.conda/envs/ID_PY390/lib/python3.9/site-packages/ramanbiolib/search.py:1042: RuntimeWarning: invalid value encountered in divide
  spectra_a = (spectra_a - np.min(spectra_a))/(np.max(spectra_a) - np.min(spectra_a))
/home/gene/zhangym/.conda/envs/ID_PY390/lib/python3.9/site-packages/ramanbiolib/search.py:1042: RuntimeWarning: invalid value encountered in divide
  spectra_a = (spectra_a - np.min(spectra_a))/(np.max(spectra_a) - np.min(spectra_a))

GMM ACC: 0.7433, GMM NMI: 0.8099, GMM ARI: 0.6800
Z_Leiden ACC: 0.7706, Z_Leiden NMI: 0.9018, Z_Leiden ARI: 0.7772

Epoch [28/300]
LR: 0.0001, Total Loss: 6730.40, Recon Loss: 6308.59, KL GMM: 366.90, KL VAE: 54.38, Entropy: 0.52, Weiggted Spectral: 0.00, Match Loss: 0.000000, Unsimilarity Loss: 0.00
GMM ACC: 0.7418, GMM NMI: 0.8105, GMM ARI: 0.6786
Z_Leiden ACC: 0.7756, Z_Leiden NMI: 0.9074, Z_Leiden ARI: 0.7829

Epoch [29/300]
LR: 0.0001, Total Loss: 6746.45, Recon Loss: 6325.00, KL GMM: 366.81, KL VAE: 54.15, Entropy: 0.50, Weiggted Spectral: 0.00, Match Loss: 0.000000, Unsimilarity Loss: 0.00
GMM ACC: 0.7429, GMM NMI: 0.8104, GMM ARI: 0.6794
Z_Leiden ACC: 0.7709, Z_Leiden NMI: 0.9041, Z_Leiden ARI: 0.7786

Epoch [30/300]
LR: 0.0001, Total Loss: 6726.36, Recon Loss: 6305.12, KL GMM: 366.71, KL VAE: 54.05, Entropy: 0.48, Weiggted Spectral: 0.00, Match Loss: 0.000000, Unsimilarity Loss: 0.00
GMM ACC: 0.7481, GMM NMI: 0.8125, GMM ARI: 0.6830
Z_Leiden ACC: 0.7714, Z_Leiden NMI: 0.9027, Z_Leiden ARI: 0.7784

Epoch [31/300]
LR: 0.0001, Total Loss: 6724.27, Recon Loss: 6302.93, KL GMM: 366.62, KL VAE: 54.26, Entropy: 0.46, Weiggted Spectral: 0.00, Match Loss: 0.000000, Unsimilarity Loss: 0.00
GMM ACC: 0.7453, GMM NMI: 0.8135, GMM ARI: 0.6832
Z_Leiden ACC: 0.7712, Z_Leiden NMI: 0.9050, Z_Leiden ARI: 0.7791

Epoch [32/300]
LR: 0.0001, Total Loss: 6719.69, Recon Loss: 6298.70, KL GMM: 366.53, KL VAE: 54.03, Entropy: 0.44, Weiggted Spectral: 0.00, Match Loss: 0.000000, Unsimilarity Loss: 0.00
GMM ACC: 0.7472, GMM NMI: 0.8150, GMM ARI: 0.6849
Z_Leiden ACC: 0.7759, Z_Leiden NMI: 0.9077, Z_Leiden ARI: 0.7833

Epoch [33/300]
LR: 0.0001, Total Loss: 6716.51, Recon Loss: 6295.83, KL GMM: 366.43, KL VAE: 53.83, Entropy: 0.42, Weiggted Spectral: 0.00, Match Loss: 0.000000, Unsimilarity Loss: 0.00
GMM ACC: 0.7512, GMM NMI: 0.8159, GMM ARI: 0.6874
Z_Leiden ACC: 0.7707, Z_Leiden NMI: 0.9045, Z_Leiden ARI: 0.7785

Epoch [34/300]
LR: 0.0001, Total Loss: 6713.72, Recon Loss: 6293.27, KL GMM: 366.34, KL VAE: 53.72, Entropy: 0.40, Weiggted Spectral: 0.00, Match Loss: 0.000000, Unsimilarity Loss: 0.00
GMM ACC: 0.7513, GMM NMI: 0.8152, GMM ARI: 0.6856
Z_Leiden ACC: 0.8674, Z_Leiden NMI: 0.9255, Z_Leiden ARI: 0.8468

Epoch [35/300]
LR: 0.0001, Total Loss: 6709.10, Recon Loss: 6288.60, KL GMM: 366.24, KL VAE: 53.87, Entropy: 0.38, Weiggted Spectral: 0.00, Match Loss: 0.000000, Unsimilarity Loss: 0.00
GMM ACC: 0.7477, GMM NMI: 0.8173, GMM ARI: 0.6856
Z_Leiden ACC: 0.8704, Z_Leiden NMI: 0.9293, Z_Leiden ARI: 0.8526

Epoch [36/300]
LR: 0.0001, Total Loss: 6711.40, Recon Loss: 6291.22, KL GMM: 366.15, KL VAE: 53.67, Entropy: 0.36, Weiggted Spectral: 0.00, Match Loss: 0.000000, Unsimilarity Loss: 0.00
GMM ACC: 0.7454, GMM NMI: 0.8164, GMM ARI: 0.6838
Z_Leiden ACC: 0.9371, Z_Leiden NMI: 0.9211, Z_Leiden ARI: 0.8848

Epoch [37/300]
LR: 0.0001, Total Loss: 6700.64, Recon Loss: 6280.62, KL GMM: 366.06, KL VAE: 53.62, Entropy: 0.34, Weiggted Spectral: 0.00, Match Loss: 0.000000, Unsimilarity Loss: 0.00
GMM ACC: 0.7498, GMM NMI: 0.8172, GMM ARI: 0.6857
Z_Leiden ACC: 0.8722, Z_Leiden NMI: 0.9334, Z_Leiden ARI: 0.8566

Epoch [38/300]
LR: 0.0001, Total Loss: 6696.62, Recon Loss: 6276.56, KL GMM: 365.97, KL VAE: 53.76, Entropy: 0.33, Weiggted Spectral: 0.00, Match Loss: 0.000000, Unsimilarity Loss: 0.00
GMM ACC: 0.7484, GMM NMI: 0.8177, GMM ARI: 0.6845
Z_Leiden ACC: 0.8773, Z_Leiden NMI: 0.9368, Z_Leiden ARI: 0.8620

Epoch [39/300]
LR: 0.0001, Total Loss: 6703.14, Recon Loss: 6283.49, KL GMM: 365.87, KL VAE: 53.47, Entropy: 0.31, Weiggted Spectral: 0.00, Match Loss: 0.000000, Unsimilarity Loss: 0.00
GMM ACC: 0.7515, GMM NMI: 0.8182, GMM ARI: 0.6861
Z_Leiden ACC: 0.9433, Z_Leiden NMI: 0.9271, Z_Leiden ARI: 0.8976

Epoch [40/300]
LR: 0.0001, Total Loss: 6688.68, Recon Loss: 6268.96, KL GMM: 365.78, KL VAE: 53.65, Entropy: 0.29, Weiggted Spectral: 0.00, Match Loss: 0.000000, Unsimilarity Loss: 0.00
GMM ACC: 0.7511, GMM NMI: 0.8187, GMM ARI: 0.6860
Z_Leiden ACC: 0.8692, Z_Leiden NMI: 0.9291, Z_Leiden ARI: 0.8550

Epoch [41/300]
LR: 0.0001, Total Loss: 6684.59, Recon Loss: 6264.99, KL GMM: 365.70, KL VAE: 53.63, Entropy: 0.27, Weiggted Spectral: 0.00, Match Loss: 0.000000, Unsimilarity Loss: 0.00
GMM ACC: 0.7443, GMM NMI: 0.8179, GMM ARI: 0.6817
Z_Leiden ACC: 0.9434, Z_Leiden NMI: 0.9265, Z_Leiden ARI: 0.8965

Epoch [42/300]
LR: 0.0001, Total Loss: 6684.42, Recon Loss: 6265.14, KL GMM: 365.61, KL VAE: 53.42, Entropy: 0.26, Weiggted Spectral: 0.00, Match Loss: 0.000000, Unsimilarity Loss: 0.00
GMM ACC: 0.7482, GMM NMI: 0.8195, GMM ARI: 0.6843
Z_Leiden ACC: 0.8723, Z_Leiden NMI: 0.9330, Z_Leiden ARI: 0.8559

Epoch [43/300]
LR: 0.0001, Total Loss: 6684.45, Recon Loss: 6265.26, KL GMM: 365.52, KL VAE: 53.43, Entropy: 0.24, Weiggted Spectral: 0.00, Match Loss: 0.000000, Unsimilarity Loss: 0.00
GMM ACC: 0.7541, GMM NMI: 0.8210, GMM ARI: 0.6887
Z_Leiden ACC: 0.9484, Z_Leiden NMI: 0.9333, Z_Leiden ARI: 0.9066

Epoch [44/300]
LR: 0.0001, Total Loss: 6675.11, Recon Loss: 6256.19, KL GMM: 365.43, KL VAE: 53.27, Entropy: 0.22, Weiggted Spectral: 0.00, Match Loss: 0.000000, Unsimilarity Loss: 0.00
GMM ACC: 0.7497, GMM NMI: 0.8190, GMM ARI: 0.6836
Z_Leiden ACC: 0.9512, Z_Leiden NMI: 0.9319, Z_Leiden ARI: 0.9093

Epoch [45/300]
LR: 0.0001, Total Loss: 6673.10, Recon Loss: 6254.09, KL GMM: 365.34, KL VAE: 53.46, Entropy: 0.21, Weiggted Spectral: 0.00, Match Loss: 0.000000, Unsimilarity Loss: 0.00
GMM ACC: 0.7480, GMM NMI: 0.8184, GMM ARI: 0.6817
Z_Leiden ACC: 0.8739, Z_Leiden NMI: 0.9374, Z_Leiden ARI: 0.8639

Epoch [46/300]
LR: 0.0001, Total Loss: 6679.38, Recon Loss: 6260.87, KL GMM: 365.25, KL VAE: 53.06, Entropy: 0.19, Weiggted Spectral: 0.00, Match Loss: 0.000000, Unsimilarity Loss: 0.00
GMM ACC: 0.7526, GMM NMI: 0.8198, GMM ARI: 0.6853
Z_Leiden ACC: 0.9387, Z_Leiden NMI: 0.9277, Z_Leiden ARI: 0.8946

Epoch [47/300]
LR: 0.0001, Total Loss: 6668.52, Recon Loss: 6249.93, KL GMM: 365.16, KL VAE: 53.25, Entropy: 0.18, Weiggted Spectral: 0.00, Match Loss: 0.000000, Unsimilarity Loss: 0.00
GMM ACC: 0.7537, GMM NMI: 0.8208, GMM ARI: 0.6857
Z_Leiden ACC: 0.9439, Z_Leiden NMI: 0.9308, Z_Leiden ARI: 0.8980

Epoch [48/300]
LR: 0.0001, Total Loss: 6666.86, Recon Loss: 6248.49, KL GMM: 365.08, KL VAE: 53.14, Entropy: 0.16, Weiggted Spectral: 0.00, Match Loss: 0.000000, Unsimilarity Loss: 0.00
GMM ACC: 0.7544, GMM NMI: 0.8208, GMM ARI: 0.6857
Z_Leiden ACC: 0.9524, Z_Leiden NMI: 0.9370, Z_Leiden ARI: 0.9099

Epoch [49/300]
LR: 0.0001, Total Loss: 6671.24, Recon Loss: 6253.04, KL GMM: 364.99, KL VAE: 53.06, Entropy: 0.15, Weiggted Spectral: 0.00, Match Loss: 0.000000, Unsimilarity Loss: 0.00
GMM ACC: 0.7538, GMM NMI: 0.8212, GMM ARI: 0.6862
Z_Leiden ACC: 0.9483, Z_Leiden NMI: 0.9332, Z_Leiden ARI: 0.9085

Epoch [50/300]
Update clustering centers..........

Clustering method: leiden
Numberof clusters changed from 15 to 11 .Reinitializing Gaussian.
LR: 0.0001, Total Loss: 6656.22, Recon Loss: 6237.89, KL GMM: 364.91, KL VAE: 53.29, Entropy: 0.14, Weiggted Spectral: 0.00, Match Loss: 0.000000, Unsimilarity Loss: 0.00
GMM ACC: 0.9273, GMM NMI: 0.8975, GMM ARI: 0.8688
Z_Leiden ACC: 0.9468, Z_Leiden NMI: 0.9336, Z_Leiden ARI: 0.9067

Epoch [51/300]
LR: 0.0001, Total Loss: 7155.08, Recon Loss: 6740.84, KL GMM: 364.80, KL VAE: 49.08, Entropy: 0.36, Weiggted Spectral: 0.00, Match Loss: 0.000000, Unsimilarity Loss: 0.00
GMM ACC: 0.9284, GMM NMI: 0.8988, GMM ARI: 0.8710
Z_Leiden ACC: 0.9551, Z_Leiden NMI: 0.9388, Z_Leiden ARI: 0.9200

Epoch [52/300]
LR: 0.0001, Total Loss: 6656.55, Recon Loss: 6237.04, KL GMM: 364.68, KL VAE: 54.48, Entropy: 0.35, Weiggted Spectral: 0.00, Match Loss: 0.000000, Unsimilarity Loss: 0.00
GMM ACC: 0.9248, GMM NMI: 0.8942, GMM ARI: 0.8641
Z_Leiden ACC: 0.8803, Z_Leiden NMI: 0.9455, Z_Leiden ARI: 0.8727

Epoch [53/300]
LR: 0.0001, Total Loss: 6647.26, Recon Loss: 6228.76, KL GMM: 364.62, KL VAE: 53.55, Entropy: 0.33, Weiggted Spectral: 0.00, Match Loss: 0.000000, Unsimilarity Loss: 0.00
GMM ACC: 0.9268, GMM NMI: 0.8973, GMM ARI: 0.8680
Z_Leiden ACC: 0.9499, Z_Leiden NMI: 0.9373, Z_Leiden ARI: 0.9109

Epoch [54/300]
LR: 0.0001, Total Loss: 6642.25, Recon Loss: 6224.26, KL GMM: 364.55, KL VAE: 53.13, Entropy: 0.31, Weiggted Spectral: 0.00, Match Loss: 0.000000, Unsimilarity Loss: 0.00/home/gene/zhangym/.conda/envs/ID_PY390/lib/python3.9/site-packages/ramanbiolib/search.py:1042: RuntimeWarning: invalid value encountered in divide
  spectra_a = (spectra_a - np.min(spectra_a))/(np.max(spectra_a) - np.min(spectra_a))
/home/gene/zhangym/.conda/envs/ID_PY390/lib/python3.9/site-packages/ramanbiolib/search.py:1042: RuntimeWarning: invalid value encountered in divide
  spectra_a = (spectra_a - np.min(spectra_a))/(np.max(spectra_a) - np.min(spectra_a))
/home/gene/zhangym/.conda/envs/ID_PY390/lib/python3.9/site-packages/ramanbiolib/search.py:1042: RuntimeWarning: invalid value encountered in divide
  spectra_a = (spectra_a - np.min(spectra_a))/(np.max(spectra_a) - np.min(spectra_a))
/home/gene/zhangym/.conda/envs/ID_PY390/lib/python3.9/site-packages/ramanbiolib/search.py:1042: RuntimeWarning: invalid value encountered in divide
  spectra_a = (spectra_a - np.min(spectra_a))/(np.max(spectra_a) - np.min(spectra_a))
/home/gene/zhangym/.conda/envs/ID_PY390/lib/python3.9/site-packages/ramanbiolib/search.py:1042: RuntimeWarning: invalid value encountered in divide
  spectra_a = (spectra_a - np.min(spectra_a))/(np.max(spectra_a) - np.min(spectra_a))
/home/gene/zhangym/.conda/envs/ID_PY390/lib/python3.9/site-packages/ramanbiolib/search.py:1042: RuntimeWarning: invalid value encountered in divide
  spectra_a = (spectra_a - np.min(spectra_a))/(np.max(spectra_a) - np.min(spectra_a))
/home/gene/zhangym/.conda/envs/ID_PY390/lib/python3.9/site-packages/ramanbiolib/search.py:1042: RuntimeWarning: invalid value encountered in divide
  spectra_a = (spectra_a - np.min(spectra_a))/(np.max(spectra_a) - np.min(spectra_a))
/home/gene/zhangym/.conda/envs/ID_PY390/lib/python3.9/site-packages/ramanbiolib/search.py:1042: RuntimeWarning: invalid value encountered in divide
  spectra_a = (spectra_a - np.min(spectra_a))/(np.max(spectra_a) - np.min(spectra_a))
/home/gene/zhangym/.conda/envs/ID_PY390/lib/python3.9/site-packages/ramanbiolib/search.py:1042: RuntimeWarning: invalid value encountered in divide
  spectra_a = (spectra_a - np.min(spectra_a))/(np.max(spectra_a) - np.min(spectra_a))
/home/gene/zhangym/.conda/envs/ID_PY390/lib/python3.9/site-packages/ramanbiolib/search.py:1042: RuntimeWarning: invalid value encountered in divide
  spectra_a = (spectra_a - np.min(spectra_a))/(np.max(spectra_a) - np.min(spectra_a))
/home/gene/zhangym/.conda/envs/ID_PY390/lib/python3.9/site-packages/ramanbiolib/search.py:1042: RuntimeWarning: invalid value encountered in divide
  spectra_a = (spectra_a - np.min(spectra_a))/(np.max(spectra_a) - np.min(spectra_a))
/home/gene/zhangym/.conda/envs/ID_PY390/lib/python3.9/site-packages/ramanbiolib/search.py:1042: RuntimeWarning: invalid value encountered in divide
  spectra_a = (spectra_a - np.min(spectra_a))/(np.max(spectra_a) - np.min(spectra_a))
/home/gene/zhangym/.conda/envs/ID_PY390/lib/python3.9/site-packages/ramanbiolib/search.py:1042: RuntimeWarning: invalid value encountered in divide
  spectra_a = (spectra_a - np.min(spectra_a))/(np.max(spectra_a) - np.min(spectra_a))
/home/gene/zhangym/.conda/envs/ID_PY390/lib/python3.9/site-packages/ramanbiolib/search.py:1042: RuntimeWarning: invalid value encountered in divide
  spectra_a = (spectra_a - np.min(spectra_a))/(np.max(spectra_a) - np.min(spectra_a))
/home/gene/zhangym/.conda/envs/ID_PY390/lib/python3.9/site-packages/ramanbiolib/search.py:1042: RuntimeWarning: invalid value encountered in divide
  spectra_a = (spectra_a - np.min(spectra_a))/(np.max(spectra_a) - np.min(spectra_a))
/home/gene/zhangym/.conda/envs/ID_PY390/lib/python3.9/site-packages/ramanbiolib/search.py:1042: RuntimeWarning: invalid value encountered in divide
  spectra_a = (spectra_a - np.min(spectra_a))/(np.max(spectra_a) - np.min(spectra_a))
/home/gene/zhangym/.conda/envs/ID_PY390/lib/python3.9/site-packages/ramanbiolib/search.py:1042: RuntimeWarning: invalid value encountered in divide
  spectra_a = (spectra_a - np.min(spectra_a))/(np.max(spectra_a) - np.min(spectra_a))
/home/gene/zhangym/.conda/envs/ID_PY390/lib/python3.9/site-packages/ramanbiolib/search.py:1042: RuntimeWarning: invalid value encountered in divide
  spectra_a = (spectra_a - np.min(spectra_a))/(np.max(spectra_a) - np.min(spectra_a))
/home/gene/zhangym/.conda/envs/ID_PY390/lib/python3.9/site-packages/ramanbiolib/search.py:1042: RuntimeWarning: invalid value encountered in divide
  spectra_a = (spectra_a - np.min(spectra_a))/(np.max(spectra_a) - np.min(spectra_a))
/home/gene/zhangym/.conda/envs/ID_PY390/lib/python3.9/site-packages/ramanbiolib/search.py:1042: RuntimeWarning: invalid value encountered in divide
  spectra_a = (spectra_a - np.min(spectra_a))/(np.max(spectra_a) - np.min(spectra_a))
/home/gene/zhangym/.conda/envs/ID_PY390/lib/python3.9/site-packages/ramanbiolib/search.py:1042: RuntimeWarning: invalid value encountered in divide
  spectra_a = (spectra_a - np.min(spectra_a))/(np.max(spectra_a) - np.min(spectra_a))
/home/gene/zhangym/.conda/envs/ID_PY390/lib/python3.9/site-packages/ramanbiolib/search.py:1042: RuntimeWarning: invalid value encountered in divide
  spectra_a = (spectra_a - np.min(spectra_a))/(np.max(spectra_a) - np.min(spectra_a))
/home/gene/zhangym/.conda/envs/ID_PY390/lib/python3.9/site-packages/ramanbiolib/search.py:1042: RuntimeWarning: invalid value encountered in divide
  spectra_a = (spectra_a - np.min(spectra_a))/(np.max(spectra_a) - np.min(spectra_a))
/home/gene/zhangym/.conda/envs/ID_PY390/lib/python3.9/site-packages/ramanbiolib/search.py:1042: RuntimeWarning: invalid value encountered in divide
  spectra_a = (spectra_a - np.min(spectra_a))/(np.max(spectra_a) - np.min(spectra_a))
/home/gene/zhangym/.conda/envs/ID_PY390/lib/python3.9/site-packages/ramanbiolib/search.py:1042: RuntimeWarning: invalid value encountered in divide
  spectra_a = (spectra_a - np.min(spectra_a))/(np.max(spectra_a) - np.min(spectra_a))
/home/gene/zhangym/.conda/envs/ID_PY390/lib/python3.9/site-packages/ramanbiolib/search.py:1042: RuntimeWarning: invalid value encountered in divide
  spectra_a = (spectra_a - np.min(spectra_a))/(np.max(spectra_a) - np.min(spectra_a))
/home/gene/zhangym/.conda/envs/ID_PY390/lib/python3.9/site-packages/ramanbiolib/search.py:1042: RuntimeWarning: invalid value encountered in divide
  spectra_a = (spectra_a - np.min(spectra_a))/(np.max(spectra_a) - np.min(spectra_a))
/home/gene/zhangym/.conda/envs/ID_PY390/lib/python3.9/site-packages/ramanbiolib/search.py:1042: RuntimeWarning: invalid value encountered in divide
  spectra_a = (spectra_a - np.min(spectra_a))/(np.max(spectra_a) - np.min(spectra_a))
/home/gene/zhangym/.conda/envs/ID_PY390/lib/python3.9/site-packages/ramanbiolib/search.py:1042: RuntimeWarning: invalid value encountered in divide
  spectra_a = (spectra_a - np.min(spectra_a))/(np.max(spectra_a) - np.min(spectra_a))
/home/gene/zhangym/.conda/envs/ID_PY390/lib/python3.9/site-packages/ramanbiolib/search.py:1042: RuntimeWarning: invalid value encountered in divide
  spectra_a = (spectra_a - np.min(spectra_a))/(np.max(spectra_a) - np.min(spectra_a))
/home/gene/zhangym/.conda/envs/ID_PY390/lib/python3.9/site-packages/ramanbiolib/search.py:1042: RuntimeWarning: invalid value encountered in divide
  spectra_a = (spectra_a - np.min(spectra_a))/(np.max(spectra_a) - np.min(spectra_a))
/home/gene/zhangym/.conda/envs/ID_PY390/lib/python3.9/site-packages/ramanbiolib/search.py:1042: RuntimeWarning: invalid value encountered in divide
  spectra_a = (spectra_a - np.min(spectra_a))/(np.max(spectra_a) - np.min(spectra_a))
/home/gene/zhangym/.conda/envs/ID_PY390/lib/python3.9/site-packages/ramanbiolib/search.py:1042: RuntimeWarning: invalid value encountered in divide
  spectra_a = (spectra_a - np.min(spectra_a))/(np.max(spectra_a) - np.min(spectra_a))
/home/gene/zhangym/.conda/envs/ID_PY390/lib/python3.9/site-packages/ramanbiolib/search.py:1042: RuntimeWarning: invalid value encountered in divide
  spectra_a = (spectra_a - np.min(spectra_a))/(np.max(spectra_a) - np.min(spectra_a))
/home/gene/zhangym/.conda/envs/ID_PY390/lib/python3.9/site-packages/ramanbiolib/search.py:1042: RuntimeWarning: invalid value encountered in divide
  spectra_a = (spectra_a - np.min(spectra_a))/(np.max(spectra_a) - np.min(spectra_a))
/home/gene/zhangym/.conda/envs/ID_PY390/lib/python3.9/site-packages/ramanbiolib/search.py:1042: RuntimeWarning: invalid value encountered in divide
  spectra_a = (spectra_a - np.min(spectra_a))/(np.max(spectra_a) - np.min(spectra_a))
/home/gene/zhangym/.conda/envs/ID_PY390/lib/python3.9/site-packages/ramanbiolib/search.py:1042: RuntimeWarning: invalid value encountered in divide
  spectra_a = (spectra_a - np.min(spectra_a))/(np.max(spectra_a) - np.min(spectra_a))
/home/gene/zhangym/.conda/envs/ID_PY390/lib/python3.9/site-packages/ramanbiolib/search.py:1042: RuntimeWarning: invalid value encountered in divide
  spectra_a = (spectra_a - np.min(spectra_a))/(np.max(spectra_a) - np.min(spectra_a))
/home/gene/zhangym/.conda/envs/ID_PY390/lib/python3.9/site-packages/ramanbiolib/search.py:1042: RuntimeWarning: invalid value encountered in divide
  spectra_a = (spectra_a - np.min(spectra_a))/(np.max(spectra_a) - np.min(spectra_a))
/home/gene/zhangym/.conda/envs/ID_PY390/lib/python3.9/site-packages/ramanbiolib/search.py:1042: RuntimeWarning: invalid value encountered in divide
  spectra_a = (spectra_a - np.min(spectra_a))/(np.max(spectra_a) - np.min(spectra_a))
/home/gene/zhangym/.conda/envs/ID_PY390/lib/python3.9/site-packages/ramanbiolib/search.py:1042: RuntimeWarning: invalid value encountered in divide
  spectra_a = (spectra_a - np.min(spectra_a))/(np.max(spectra_a) - np.min(spectra_a))
/home/gene/zhangym/.conda/envs/ID_PY390/lib/python3.9/site-packages/ramanbiolib/search.py:1042: RuntimeWarning: invalid value encountered in divide
  spectra_a = (spectra_a - np.min(spectra_a))/(np.max(spectra_a) - np.min(spectra_a))
/home/gene/zhangym/.conda/envs/ID_PY390/lib/python3.9/site-packages/ramanbiolib/search.py:1042: RuntimeWarning: invalid value encountered in divide
  spectra_a = (spectra_a - np.min(spectra_a))/(np.max(spectra_a) - np.min(spectra_a))
/home/gene/zhangym/.conda/envs/ID_PY390/lib/python3.9/site-packages/ramanbiolib/search.py:1042: RuntimeWarning: invalid value encountered in divide
  spectra_a = (spectra_a - np.min(spectra_a))/(np.max(spectra_a) - np.min(spectra_a))
/home/gene/zhangym/.conda/envs/ID_PY390/lib/python3.9/site-packages/ramanbiolib/search.py:1042: RuntimeWarning: invalid value encountered in divide
  spectra_a = (spectra_a - np.min(spectra_a))/(np.max(spectra_a) - np.min(spectra_a))
/home/gene/zhangym/.conda/envs/ID_PY390/lib/python3.9/site-packages/ramanbiolib/search.py:1042: RuntimeWarning: invalid value encountered in divide
  spectra_a = (spectra_a - np.min(spectra_a))/(np.max(spectra_a) - np.min(spectra_a))
/home/gene/zhangym/.conda/envs/ID_PY390/lib/python3.9/site-packages/ramanbiolib/search.py:1042: RuntimeWarning: invalid value encountered in divide
  spectra_a = (spectra_a - np.min(spectra_a))/(np.max(spectra_a) - np.min(spectra_a))
/home/gene/zhangym/.conda/envs/ID_PY390/lib/python3.9/site-packages/ramanbiolib/search.py:1042: RuntimeWarning: invalid value encountered in divide
  spectra_a = (spectra_a - np.min(spectra_a))/(np.max(spectra_a) - np.min(spectra_a))
/home/gene/zhangym/.conda/envs/ID_PY390/lib/python3.9/site-packages/ramanbiolib/search.py:1042: RuntimeWarning: invalid value encountered in divide
  spectra_a = (spectra_a - np.min(spectra_a))/(np.max(spectra_a) - np.min(spectra_a))
/home/gene/zhangym/.conda/envs/ID_PY390/lib/python3.9/site-packages/ramanbiolib/search.py:1042: RuntimeWarning: invalid value encountered in divide
  spectra_a = (spectra_a - np.min(spectra_a))/(np.max(spectra_a) - np.min(spectra_a))
/home/gene/zhangym/.conda/envs/ID_PY390/lib/python3.9/site-packages/ramanbiolib/search.py:1042: RuntimeWarning: invalid value encountered in divide
  spectra_a = (spectra_a - np.min(spectra_a))/(np.max(spectra_a) - np.min(spectra_a))
/home/gene/zhangym/.conda/envs/ID_PY390/lib/python3.9/site-packages/ramanbiolib/search.py:1042: RuntimeWarning: invalid value encountered in divide
  spectra_a = (spectra_a - np.min(spectra_a))/(np.max(spectra_a) - np.min(spectra_a))
/home/gene/zhangym/.conda/envs/ID_PY390/lib/python3.9/site-packages/ramanbiolib/search.py:1042: RuntimeWarning: invalid value encountered in divide
  spectra_a = (spectra_a - np.min(spectra_a))/(np.max(spectra_a) - np.min(spectra_a))
/home/gene/zhangym/.conda/envs/ID_PY390/lib/python3.9/site-packages/ramanbiolib/search.py:1042: RuntimeWarning: invalid value encountered in divide
  spectra_a = (spectra_a - np.min(spectra_a))/(np.max(spectra_a) - np.min(spectra_a))
/home/gene/zhangym/.conda/envs/ID_PY390/lib/python3.9/site-packages/ramanbiolib/search.py:1042: RuntimeWarning: invalid value encountered in divide
  spectra_a = (spectra_a - np.min(spectra_a))/(np.max(spectra_a) - np.min(spectra_a))
/home/gene/zhangym/.conda/envs/ID_PY390/lib/python3.9/site-packages/ramanbiolib/search.py:1042: RuntimeWarning: invalid value encountered in divide
  spectra_a = (spectra_a - np.min(spectra_a))/(np.max(spectra_a) - np.min(spectra_a))
/home/gene/zhangym/.conda/envs/ID_PY390/lib/python3.9/site-packages/ramanbiolib/search.py:1042: RuntimeWarning: invalid value encountered in divide
  spectra_a = (spectra_a - np.min(spectra_a))/(np.max(spectra_a) - np.min(spectra_a))
/home/gene/zhangym/.conda/envs/ID_PY390/lib/python3.9/site-packages/ramanbiolib/search.py:1042: RuntimeWarning: invalid value encountered in divide
  spectra_a = (spectra_a - np.min(spectra_a))/(np.max(spectra_a) - np.min(spectra_a))
/home/gene/zhangym/.conda/envs/ID_PY390/lib/python3.9/site-packages/ramanbiolib/search.py:1042: RuntimeWarning: invalid value encountered in divide
  spectra_a = (spectra_a - np.min(spectra_a))/(np.max(spectra_a) - np.min(spectra_a))
/home/gene/zhangym/.conda/envs/ID_PY390/lib/python3.9/site-packages/ramanbiolib/search.py:1042: RuntimeWarning: invalid value encountered in divide
  spectra_a = (spectra_a - np.min(spectra_a))/(np.max(spectra_a) - np.min(spectra_a))
/home/gene/zhangym/.conda/envs/ID_PY390/lib/python3.9/site-packages/ramanbiolib/search.py:1042: RuntimeWarning: invalid value encountered in divide
  spectra_a = (spectra_a - np.min(spectra_a))/(np.max(spectra_a) - np.min(spectra_a))
/home/gene/zhangym/.conda/envs/ID_PY390/lib/python3.9/site-packages/ramanbiolib/search.py:1042: RuntimeWarning: invalid value encountered in divide
  spectra_a = (spectra_a - np.min(spectra_a))/(np.max(spectra_a) - np.min(spectra_a))
/home/gene/zhangym/.conda/envs/ID_PY390/lib/python3.9/site-packages/ramanbiolib/search.py:1042: RuntimeWarning: invalid value encountered in divide
  spectra_a = (spectra_a - np.min(spectra_a))/(np.max(spectra_a) - np.min(spectra_a))
/home/gene/zhangym/.conda/envs/ID_PY390/lib/python3.9/site-packages/ramanbiolib/search.py:1042: RuntimeWarning: invalid value encountered in divide
  spectra_a = (spectra_a - np.min(spectra_a))/(np.max(spectra_a) - np.min(spectra_a))
/home/gene/zhangym/.conda/envs/ID_PY390/lib/python3.9/site-packages/ramanbiolib/search.py:1042: RuntimeWarning: invalid value encountered in divide
  spectra_a = (spectra_a - np.min(spectra_a))/(np.max(spectra_a) - np.min(spectra_a))
/home/gene/zhangym/.conda/envs/ID_PY390/lib/python3.9/site-packages/ramanbiolib/search.py:1042: RuntimeWarning: invalid value encountered in divide
  spectra_a = (spectra_a - np.min(spectra_a))/(np.max(spectra_a) - np.min(spectra_a))
/home/gene/zhangym/.conda/envs/ID_PY390/lib/python3.9/site-packages/ramanbiolib/search.py:1042: RuntimeWarning: invalid value encountered in divide
  spectra_a = (spectra_a - np.min(spectra_a))/(np.max(spectra_a) - np.min(spectra_a))
/home/gene/zhangym/.conda/envs/ID_PY390/lib/python3.9/site-packages/ramanbiolib/search.py:1042: RuntimeWarning: invalid value encountered in divide
  spectra_a = (spectra_a - np.min(spectra_a))/(np.max(spectra_a) - np.min(spectra_a))
/home/gene/zhangym/.conda/envs/ID_PY390/lib/python3.9/site-packages/ramanbiolib/search.py:1042: RuntimeWarning: invalid value encountered in divide
  spectra_a = (spectra_a - np.min(spectra_a))/(np.max(spectra_a) - np.min(spectra_a))
/home/gene/zhangym/.conda/envs/ID_PY390/lib/python3.9/site-packages/ramanbiolib/search.py:1042: RuntimeWarning: invalid value encountered in divide
  spectra_a = (spectra_a - np.min(spectra_a))/(np.max(spectra_a) - np.min(spectra_a))
/home/gene/zhangym/.conda/envs/ID_PY390/lib/python3.9/site-packages/ramanbiolib/search.py:1042: RuntimeWarning: invalid value encountered in divide
  spectra_a = (spectra_a - np.min(spectra_a))/(np.max(spectra_a) - np.min(spectra_a))
/home/gene/zhangym/.conda/envs/ID_PY390/lib/python3.9/site-packages/ramanbiolib/search.py:1042: RuntimeWarning: invalid value encountered in divide
  spectra_a = (spectra_a - np.min(spectra_a))/(np.max(spectra_a) - np.min(spectra_a))
/home/gene/zhangym/.conda/envs/ID_PY390/lib/python3.9/site-packages/ramanbiolib/search.py:1042: RuntimeWarning: invalid value encountered in divide
  spectra_a = (spectra_a - np.min(spectra_a))/(np.max(spectra_a) - np.min(spectra_a))
/home/gene/zhangym/.conda/envs/ID_PY390/lib/python3.9/site-packages/ramanbiolib/search.py:1042: RuntimeWarning: invalid value encountered in divide
  spectra_a = (spectra_a - np.min(spectra_a))/(np.max(spectra_a) - np.min(spectra_a))
/home/gene/zhangym/.conda/envs/ID_PY390/lib/python3.9/site-packages/ramanbiolib/search.py:1042: RuntimeWarning: invalid value encountered in divide
  spectra_a = (spectra_a - np.min(spectra_a))/(np.max(spectra_a) - np.min(spectra_a))
/home/gene/zhangym/.conda/envs/ID_PY390/lib/python3.9/site-packages/ramanbiolib/search.py:1042: RuntimeWarning: invalid value encountered in divide
  spectra_a = (spectra_a - np.min(spectra_a))/(np.max(spectra_a) - np.min(spectra_a))
/home/gene/zhangym/.conda/envs/ID_PY390/lib/python3.9/site-packages/ramanbiolib/search.py:1042: RuntimeWarning: invalid value encountered in divide
  spectra_a = (spectra_a - np.min(spectra_a))/(np.max(spectra_a) - np.min(spectra_a))
/home/gene/zhangym/.conda/envs/ID_PY390/lib/python3.9/site-packages/ramanbiolib/search.py:1042: RuntimeWarning: invalid value encountered in divide
  spectra_a = (spectra_a - np.min(spectra_a))/(np.max(spectra_a) - np.min(spectra_a))
/home/gene/zhangym/.conda/envs/ID_PY390/lib/python3.9/site-packages/ramanbiolib/search.py:1042: RuntimeWarning: invalid value encountered in divide
  spectra_a = (spectra_a - np.min(spectra_a))/(np.max(spectra_a) - np.min(spectra_a))
/home/gene/zhangym/.conda/envs/ID_PY390/lib/python3.9/site-packages/ramanbiolib/search.py:1042: RuntimeWarning: invalid value encountered in divide
  spectra_a = (spectra_a - np.min(spectra_a))/(np.max(spectra_a) - np.min(spectra_a))
/home/gene/zhangym/.conda/envs/ID_PY390/lib/python3.9/site-packages/ramanbiolib/search.py:1042: RuntimeWarning: invalid value encountered in divide
  spectra_a = (spectra_a - np.min(spectra_a))/(np.max(spectra_a) - np.min(spectra_a))

GMM ACC: 0.9267, GMM NMI: 0.8965, GMM ARI: 0.8678
Z_Leiden ACC: 0.9611, Z_Leiden NMI: 0.9460, Z_Leiden ARI: 0.9282

Epoch [55/300]
LR: 0.0001, Total Loss: 6641.45, Recon Loss: 6223.67, KL GMM: 364.47, KL VAE: 53.02, Entropy: 0.29, Weiggted Spectral: 0.00, Match Loss: 0.000000, Unsimilarity Loss: 0.00
GMM ACC: 0.9268, GMM NMI: 0.8965, GMM ARI: 0.8678
Z_Leiden ACC: 0.9566, Z_Leiden NMI: 0.9401, Z_Leiden ARI: 0.9226

Epoch [56/300]
LR: 0.0001, Total Loss: 6639.49, Recon Loss: 6222.07, KL GMM: 364.38, KL VAE: 52.76, Entropy: 0.27, Weiggted Spectral: 0.00, Match Loss: 0.000000, Unsimilarity Loss: 0.00
GMM ACC: 0.9258, GMM NMI: 0.8956, GMM ARI: 0.8661
Z_Leiden ACC: 0.9567, Z_Leiden NMI: 0.9400, Z_Leiden ARI: 0.9231

Epoch [57/300]
LR: 0.0001, Total Loss: 6634.99, Recon Loss: 6217.63, KL GMM: 364.30, KL VAE: 52.81, Entropy: 0.25, Weiggted Spectral: 0.00, Match Loss: 0.000000, Unsimilarity Loss: 0.00
GMM ACC: 0.9261, GMM NMI: 0.8960, GMM ARI: 0.8668
Z_Leiden ACC: 0.9575, Z_Leiden NMI: 0.9408, Z_Leiden ARI: 0.9207

Epoch [58/300]
LR: 0.0001, Total Loss: 6632.27, Recon Loss: 6215.00, KL GMM: 364.22, KL VAE: 52.81, Entropy: 0.24, Weiggted Spectral: 0.00, Match Loss: 0.000000, Unsimilarity Loss: 0.00
GMM ACC: 0.9262, GMM NMI: 0.8970, GMM ARI: 0.8673
Z_Leiden ACC: 0.9543, Z_Leiden NMI: 0.9404, Z_Leiden ARI: 0.9196

Epoch [59/300]
LR: 0.0001, Total Loss: 6632.07, Recon Loss: 6214.91, KL GMM: 364.14, KL VAE: 52.79, Entropy: 0.22, Weiggted Spectral: 0.00, Match Loss: 0.000000, Unsimilarity Loss: 0.00
GMM ACC: 0.9261, GMM NMI: 0.8969, GMM ARI: 0.8672
Z_Leiden ACC: 0.9524, Z_Leiden NMI: 0.9401, Z_Leiden ARI: 0.9169

Epoch [60/300]
LR: 0.0001, Total Loss: 6634.44, Recon Loss: 6217.48, KL GMM: 364.06, KL VAE: 52.70, Entropy: 0.20, Weiggted Spectral: 0.00, Match Loss: 0.000000, Unsimilarity Loss: 0.00
GMM ACC: 0.9268, GMM NMI: 0.8978, GMM ARI: 0.8684
Z_Leiden ACC: 0.9527, Z_Leiden NMI: 0.9424, Z_Leiden ARI: 0.9158

Epoch [61/300]
LR: 0.0001, Total Loss: 6629.78, Recon Loss: 6212.95, KL GMM: 363.97, KL VAE: 52.67, Entropy: 0.19, Weiggted Spectral: 0.00, Match Loss: 0.000000, Unsimilarity Loss: 0.00
GMM ACC: 0.9283, GMM NMI: 0.9001, GMM ARI: 0.8714
Z_Leiden ACC: 0.9539, Z_Leiden NMI: 0.9396, Z_Leiden ARI: 0.9193

Epoch [62/300]
LR: 0.0001, Total Loss: 6629.04, Recon Loss: 6212.34, KL GMM: 363.90, KL VAE: 52.62, Entropy: 0.17, Weiggted Spectral: 0.00, Match Loss: 0.000000, Unsimilarity Loss: 0.00
GMM ACC: 0.9272, GMM NMI: 0.8992, GMM ARI: 0.8695
Z_Leiden ACC: 0.9631, Z_Leiden NMI: 0.9473, Z_Leiden ARI: 0.9314

Epoch [63/300]
LR: 0.0001, Total Loss: 6625.52, Recon Loss: 6208.85, KL GMM: 363.82, KL VAE: 52.69, Entropy: 0.16, Weiggted Spectral: 0.00, Match Loss: 0.000000, Unsimilarity Loss: 0.00
GMM ACC: 0.9281, GMM NMI: 0.8999, GMM ARI: 0.8712
Z_Leiden ACC: 0.9553, Z_Leiden NMI: 0.9439, Z_Leiden ARI: 0.9197

Epoch [64/300]
LR: 0.0001, Total Loss: 6625.18, Recon Loss: 6208.81, KL GMM: 363.75, KL VAE: 52.48, Entropy: 0.14, Weiggted Spectral: 0.00, Match Loss: 0.000000, Unsimilarity Loss: 0.00
GMM ACC: 0.9284, GMM NMI: 0.9014, GMM ARI: 0.8720
Z_Leiden ACC: 0.9574, Z_Leiden NMI: 0.9440, Z_Leiden ARI: 0.9225

Epoch [65/300]
LR: 0.0001, Total Loss: 6627.08, Recon Loss: 6210.96, KL GMM: 363.67, KL VAE: 52.31, Entropy: 0.13, Weiggted Spectral: 0.00, Match Loss: 0.000000, Unsimilarity Loss: 0.00
GMM ACC: 0.9267, GMM NMI: 0.8996, GMM ARI: 0.8693
Z_Leiden ACC: 0.9501, Z_Leiden NMI: 0.9403, Z_Leiden ARI: 0.9137

Epoch [66/300]
LR: 0.0001, Total Loss: 6617.27, Recon Loss: 6201.23, KL GMM: 363.60, KL VAE: 52.33, Entropy: 0.12, Weiggted Spectral: 0.00, Match Loss: 0.000000, Unsimilarity Loss: 0.00
GMM ACC: 0.9284, GMM NMI: 0.9017, GMM ARI: 0.8724
Z_Leiden ACC: 0.9493, Z_Leiden NMI: 0.9402, Z_Leiden ARI: 0.9127

Epoch [67/300]
LR: 0.0001, Total Loss: 6615.75, Recon Loss: 6199.72, KL GMM: 363.52, KL VAE: 52.41, Entropy: 0.10, Weiggted Spectral: 0.00, Match Loss: 0.000000, Unsimilarity Loss: 0.00
GMM ACC: 0.9269, GMM NMI: 0.9005, GMM ARI: 0.8700
Z_Leiden ACC: 0.9597, Z_Leiden NMI: 0.9464, Z_Leiden ARI: 0.9266

Epoch [68/300]
LR: 0.0001, Total Loss: 6613.04, Recon Loss: 6197.22, KL GMM: 363.46, KL VAE: 52.27, Entropy: 0.09, Weiggted Spectral: 0.00, Match Loss: 0.000000, Unsimilarity Loss: 0.00
GMM ACC: 0.9301, GMM NMI: 0.9042, GMM ARI: 0.8757
Z_Leiden ACC: 0.9571, Z_Leiden NMI: 0.9469, Z_Leiden ARI: 0.9227

Epoch [69/300]
LR: 0.0001, Total Loss: 6612.21, Recon Loss: 6196.65, KL GMM: 363.38, KL VAE: 52.10, Entropy: 0.08, Weiggted Spectral: 0.00, Match Loss: 0.000000, Unsimilarity Loss: 0.00
GMM ACC: 0.9297, GMM NMI: 0.9037, GMM ARI: 0.8750
Z_Leiden ACC: 0.8771, Z_Leiden NMI: 0.9454, Z_Leiden ARI: 0.8707

Epoch [70/300]
LR: 0.0001, Total Loss: 6607.99, Recon Loss: 6192.46, KL GMM: 363.32, KL VAE: 52.15, Entropy: 0.07, Weiggted Spectral: 0.00, Match Loss: 0.000000, Unsimilarity Loss: 0.00
GMM ACC: 0.9288, GMM NMI: 0.9031, GMM ARI: 0.8735
Z_Leiden ACC: 0.9602, Z_Leiden NMI: 0.9483, Z_Leiden ARI: 0.9274

Epoch [71/300]
LR: 0.0001, Total Loss: 6609.20, Recon Loss: 6193.56, KL GMM: 363.23, KL VAE: 52.36, Entropy: 0.06, Weiggted Spectral: 0.00, Match Loss: 0.000000, Unsimilarity Loss: 0.00
GMM ACC: 0.9307, GMM NMI: 0.9053, GMM ARI: 0.8769
Z_Leiden ACC: 0.9629, Z_Leiden NMI: 0.9502, Z_Leiden ARI: 0.9282

Epoch [72/300]
LR: 0.0001, Total Loss: 6604.03, Recon Loss: 6188.64, KL GMM: 363.17, KL VAE: 52.18, Entropy: 0.04, Weiggted Spectral: 0.00, Match Loss: 0.000000, Unsimilarity Loss: 0.00
GMM ACC: 0.9287, GMM NMI: 0.9028, GMM ARI: 0.8732
Z_Leiden ACC: 0.9547, Z_Leiden NMI: 0.9395, Z_Leiden ARI: 0.9227

Epoch [73/300]
LR: 0.0001, Total Loss: 6608.87, Recon Loss: 6193.70, KL GMM: 363.10, KL VAE: 52.04, Entropy: 0.03, Weiggted Spectral: 0.00, Match Loss: 0.000000, Unsimilarity Loss: 0.00
GMM ACC: 0.9279, GMM NMI: 0.9029, GMM ARI: 0.8722
Z_Leiden ACC: 0.9592, Z_Leiden NMI: 0.9467, Z_Leiden ARI: 0.9281

Epoch [74/300]
LR: 0.0001, Total Loss: 6597.78, Recon Loss: 6182.66, KL GMM: 363.03, KL VAE: 52.06, Entropy: 0.02, Weiggted Spectral: 0.00, Match Loss: 0.000000, Unsimilarity Loss: 0.00
GMM ACC: 0.9312, GMM NMI: 0.9068, GMM ARI: 0.8781
Z_Leiden ACC: 0.9678, Z_Leiden NMI: 0.9519, Z_Leiden ARI: 0.9359

Epoch [75/300]
LR: 0.0001, Total Loss: 6600.38, Recon Loss: 6185.46, KL GMM: 362.95, KL VAE: 51.95, Entropy: 0.01, Weiggted Spectral: 0.00, Match Loss: 0.000000, Unsimilarity Loss: 0.00
GMM ACC: 0.9333, GMM NMI: 0.9100, GMM ARI: 0.8826
Z_Leiden ACC: 0.9664, Z_Leiden NMI: 0.9527, Z_Leiden ARI: 0.9375

Epoch [76/300]
LR: 0.0001, Total Loss: 6603.02, Recon Loss: 6188.11, KL GMM: 362.88, KL VAE: 52.03, Entropy: 0.00, Weiggted Spectral: 0.00, Match Loss: 0.000000, Unsimilarity Loss: 0.00
GMM ACC: 0.9335, GMM NMI: 0.9101, GMM ARI: 0.8827
Z_Leiden ACC: 0.9634, Z_Leiden NMI: 0.9493, Z_Leiden ARI: 0.9348

Epoch [77/300]
LR: 0.0001, Total Loss: 6593.58, Recon Loss: 6178.87, KL GMM: 362.82, KL VAE: 51.90, Entropy: -0.01, Weiggted Spectral: 0.00, Match Loss: 0.000000, Unsimilarity Loss: 0.00
GMM ACC: 0.9332, GMM NMI: 0.9105, GMM ARI: 0.8828
Z_Leiden ACC: 0.9590, Z_Leiden NMI: 0.9478, Z_Leiden ARI: 0.9254

Epoch [78/300]
LR: 0.0001, Total Loss: 6597.77, Recon Loss: 6183.19, KL GMM: 362.75, KL VAE: 51.85, Entropy: -0.02, Weiggted Spectral: 0.00, Match Loss: 0.000000, Unsimilarity Loss: 0.00
GMM ACC: 0.9323, GMM NMI: 0.9104, GMM ARI: 0.8814
Z_Leiden ACC: 0.9656, Z_Leiden NMI: 0.9519, Z_Leiden ARI: 0.9358

Epoch [79/300]
LR: 0.0001, Total Loss: 6594.28, Recon Loss: 6179.79, KL GMM: 362.68, KL VAE: 51.84, Entropy: -0.03, Weiggted Spectral: 0.00, Match Loss: 0.000000, Unsimilarity Loss: 0.00
GMM ACC: 0.9342, GMM NMI: 0.9122, GMM ARI: 0.8848
Z_Leiden ACC: 0.9592, Z_Leiden NMI: 0.9477, Z_Leiden ARI: 0.9256

Epoch [80/300]
LR: 0.0001, Total Loss: 6588.71, Recon Loss: 6174.22, KL GMM: 362.61, KL VAE: 51.92, Entropy: -0.04, Weiggted Spectral: 0.00, Match Loss: 0.000000, Unsimilarity Loss: 0.00
GMM ACC: 0.9348, GMM NMI: 0.9129, GMM ARI: 0.8857
Z_Leiden ACC: 0.9660, Z_Leiden NMI: 0.9528, Z_Leiden ARI: 0.9369

Epoch [81/300]
LR: 0.0001, Total Loss: 6592.00, Recon Loss: 6177.65, KL GMM: 362.53, KL VAE: 51.86, Entropy: -0.05, Weiggted Spectral: 0.00, Match Loss: 0.000000, Unsimilarity Loss: 0.00
GMM ACC: 0.9342, GMM NMI: 0.9121, GMM ARI: 0.8848/home/gene/zhangym/.conda/envs/ID_PY390/lib/python3.9/site-packages/ramanbiolib/search.py:1042: RuntimeWarning: invalid value encountered in divide
  spectra_a = (spectra_a - np.min(spectra_a))/(np.max(spectra_a) - np.min(spectra_a))
/home/gene/zhangym/.conda/envs/ID_PY390/lib/python3.9/site-packages/ramanbiolib/search.py:1042: RuntimeWarning: invalid value encountered in divide
  spectra_a = (spectra_a - np.min(spectra_a))/(np.max(spectra_a) - np.min(spectra_a))
/home/gene/zhangym/.conda/envs/ID_PY390/lib/python3.9/site-packages/ramanbiolib/search.py:1042: RuntimeWarning: invalid value encountered in divide
  spectra_a = (spectra_a - np.min(spectra_a))/(np.max(spectra_a) - np.min(spectra_a))
/home/gene/zhangym/.conda/envs/ID_PY390/lib/python3.9/site-packages/ramanbiolib/search.py:1042: RuntimeWarning: invalid value encountered in divide
  spectra_a = (spectra_a - np.min(spectra_a))/(np.max(spectra_a) - np.min(spectra_a))
/home/gene/zhangym/.conda/envs/ID_PY390/lib/python3.9/site-packages/ramanbiolib/search.py:1042: RuntimeWarning: invalid value encountered in divide
  spectra_a = (spectra_a - np.min(spectra_a))/(np.max(spectra_a) - np.min(spectra_a))
/home/gene/zhangym/.conda/envs/ID_PY390/lib/python3.9/site-packages/ramanbiolib/search.py:1042: RuntimeWarning: invalid value encountered in divide
  spectra_a = (spectra_a - np.min(spectra_a))/(np.max(spectra_a) - np.min(spectra_a))
/home/gene/zhangym/.conda/envs/ID_PY390/lib/python3.9/site-packages/ramanbiolib/search.py:1042: RuntimeWarning: invalid value encountered in divide
  spectra_a = (spectra_a - np.min(spectra_a))/(np.max(spectra_a) - np.min(spectra_a))
/home/gene/zhangym/.conda/envs/ID_PY390/lib/python3.9/site-packages/ramanbiolib/search.py:1042: RuntimeWarning: invalid value encountered in divide
  spectra_a = (spectra_a - np.min(spectra_a))/(np.max(spectra_a) - np.min(spectra_a))
/home/gene/zhangym/.conda/envs/ID_PY390/lib/python3.9/site-packages/ramanbiolib/search.py:1042: RuntimeWarning: invalid value encountered in divide
  spectra_a = (spectra_a - np.min(spectra_a))/(np.max(spectra_a) - np.min(spectra_a))
/home/gene/zhangym/.conda/envs/ID_PY390/lib/python3.9/site-packages/ramanbiolib/search.py:1042: RuntimeWarning: invalid value encountered in divide
  spectra_a = (spectra_a - np.min(spectra_a))/(np.max(spectra_a) - np.min(spectra_a))
/home/gene/zhangym/.conda/envs/ID_PY390/lib/python3.9/site-packages/ramanbiolib/search.py:1042: RuntimeWarning: invalid value encountered in divide
  spectra_a = (spectra_a - np.min(spectra_a))/(np.max(spectra_a) - np.min(spectra_a))
/home/gene/zhangym/.conda/envs/ID_PY390/lib/python3.9/site-packages/ramanbiolib/search.py:1042: RuntimeWarning: invalid value encountered in divide
  spectra_a = (spectra_a - np.min(spectra_a))/(np.max(spectra_a) - np.min(spectra_a))
/home/gene/zhangym/.conda/envs/ID_PY390/lib/python3.9/site-packages/ramanbiolib/search.py:1042: RuntimeWarning: invalid value encountered in divide
  spectra_a = (spectra_a - np.min(spectra_a))/(np.max(spectra_a) - np.min(spectra_a))
/home/gene/zhangym/.conda/envs/ID_PY390/lib/python3.9/site-packages/ramanbiolib/search.py:1042: RuntimeWarning: invalid value encountered in divide
  spectra_a = (spectra_a - np.min(spectra_a))/(np.max(spectra_a) - np.min(spectra_a))
/home/gene/zhangym/.conda/envs/ID_PY390/lib/python3.9/site-packages/ramanbiolib/search.py:1042: RuntimeWarning: invalid value encountered in divide
  spectra_a = (spectra_a - np.min(spectra_a))/(np.max(spectra_a) - np.min(spectra_a))
/home/gene/zhangym/.conda/envs/ID_PY390/lib/python3.9/site-packages/ramanbiolib/search.py:1042: RuntimeWarning: invalid value encountered in divide
  spectra_a = (spectra_a - np.min(spectra_a))/(np.max(spectra_a) - np.min(spectra_a))
/home/gene/zhangym/.conda/envs/ID_PY390/lib/python3.9/site-packages/ramanbiolib/search.py:1042: RuntimeWarning: invalid value encountered in divide
  spectra_a = (spectra_a - np.min(spectra_a))/(np.max(spectra_a) - np.min(spectra_a))
/home/gene/zhangym/.conda/envs/ID_PY390/lib/python3.9/site-packages/ramanbiolib/search.py:1042: RuntimeWarning: invalid value encountered in divide
  spectra_a = (spectra_a - np.min(spectra_a))/(np.max(spectra_a) - np.min(spectra_a))
/home/gene/zhangym/.conda/envs/ID_PY390/lib/python3.9/site-packages/ramanbiolib/search.py:1042: RuntimeWarning: invalid value encountered in divide
  spectra_a = (spectra_a - np.min(spectra_a))/(np.max(spectra_a) - np.min(spectra_a))
/home/gene/zhangym/.conda/envs/ID_PY390/lib/python3.9/site-packages/ramanbiolib/search.py:1042: RuntimeWarning: invalid value encountered in divide
  spectra_a = (spectra_a - np.min(spectra_a))/(np.max(spectra_a) - np.min(spectra_a))
/home/gene/zhangym/.conda/envs/ID_PY390/lib/python3.9/site-packages/ramanbiolib/search.py:1042: RuntimeWarning: invalid value encountered in divide
  spectra_a = (spectra_a - np.min(spectra_a))/(np.max(spectra_a) - np.min(spectra_a))
/home/gene/zhangym/.conda/envs/ID_PY390/lib/python3.9/site-packages/ramanbiolib/search.py:1042: RuntimeWarning: invalid value encountered in divide
  spectra_a = (spectra_a - np.min(spectra_a))/(np.max(spectra_a) - np.min(spectra_a))
/home/gene/zhangym/.conda/envs/ID_PY390/lib/python3.9/site-packages/ramanbiolib/search.py:1042: RuntimeWarning: invalid value encountered in divide
  spectra_a = (spectra_a - np.min(spectra_a))/(np.max(spectra_a) - np.min(spectra_a))
/home/gene/zhangym/.conda/envs/ID_PY390/lib/python3.9/site-packages/ramanbiolib/search.py:1042: RuntimeWarning: invalid value encountered in divide
  spectra_a = (spectra_a - np.min(spectra_a))/(np.max(spectra_a) - np.min(spectra_a))
/home/gene/zhangym/.conda/envs/ID_PY390/lib/python3.9/site-packages/ramanbiolib/search.py:1042: RuntimeWarning: invalid value encountered in divide
  spectra_a = (spectra_a - np.min(spectra_a))/(np.max(spectra_a) - np.min(spectra_a))
/home/gene/zhangym/.conda/envs/ID_PY390/lib/python3.9/site-packages/ramanbiolib/search.py:1042: RuntimeWarning: invalid value encountered in divide
  spectra_a = (spectra_a - np.min(spectra_a))/(np.max(spectra_a) - np.min(spectra_a))
/home/gene/zhangym/.conda/envs/ID_PY390/lib/python3.9/site-packages/ramanbiolib/search.py:1042: RuntimeWarning: invalid value encountered in divide
  spectra_a = (spectra_a - np.min(spectra_a))/(np.max(spectra_a) - np.min(spectra_a))
/home/gene/zhangym/.conda/envs/ID_PY390/lib/python3.9/site-packages/ramanbiolib/search.py:1042: RuntimeWarning: invalid value encountered in divide
  spectra_a = (spectra_a - np.min(spectra_a))/(np.max(spectra_a) - np.min(spectra_a))
/home/gene/zhangym/.conda/envs/ID_PY390/lib/python3.9/site-packages/ramanbiolib/search.py:1042: RuntimeWarning: invalid value encountered in divide
  spectra_a = (spectra_a - np.min(spectra_a))/(np.max(spectra_a) - np.min(spectra_a))
/home/gene/zhangym/.conda/envs/ID_PY390/lib/python3.9/site-packages/ramanbiolib/search.py:1042: RuntimeWarning: invalid value encountered in divide
  spectra_a = (spectra_a - np.min(spectra_a))/(np.max(spectra_a) - np.min(spectra_a))
/home/gene/zhangym/.conda/envs/ID_PY390/lib/python3.9/site-packages/ramanbiolib/search.py:1042: RuntimeWarning: invalid value encountered in divide
  spectra_a = (spectra_a - np.min(spectra_a))/(np.max(spectra_a) - np.min(spectra_a))
/home/gene/zhangym/.conda/envs/ID_PY390/lib/python3.9/site-packages/ramanbiolib/search.py:1042: RuntimeWarning: invalid value encountered in divide
  spectra_a = (spectra_a - np.min(spectra_a))/(np.max(spectra_a) - np.min(spectra_a))
/home/gene/zhangym/.conda/envs/ID_PY390/lib/python3.9/site-packages/ramanbiolib/search.py:1042: RuntimeWarning: invalid value encountered in divide
  spectra_a = (spectra_a - np.min(spectra_a))/(np.max(spectra_a) - np.min(spectra_a))
/home/gene/zhangym/.conda/envs/ID_PY390/lib/python3.9/site-packages/ramanbiolib/search.py:1042: RuntimeWarning: invalid value encountered in divide
  spectra_a = (spectra_a - np.min(spectra_a))/(np.max(spectra_a) - np.min(spectra_a))
/home/gene/zhangym/.conda/envs/ID_PY390/lib/python3.9/site-packages/ramanbiolib/search.py:1042: RuntimeWarning: invalid value encountered in divide
  spectra_a = (spectra_a - np.min(spectra_a))/(np.max(spectra_a) - np.min(spectra_a))
/home/gene/zhangym/.conda/envs/ID_PY390/lib/python3.9/site-packages/ramanbiolib/search.py:1042: RuntimeWarning: invalid value encountered in divide
  spectra_a = (spectra_a - np.min(spectra_a))/(np.max(spectra_a) - np.min(spectra_a))
/home/gene/zhangym/.conda/envs/ID_PY390/lib/python3.9/site-packages/ramanbiolib/search.py:1042: RuntimeWarning: invalid value encountered in divide
  spectra_a = (spectra_a - np.min(spectra_a))/(np.max(spectra_a) - np.min(spectra_a))
/home/gene/zhangym/.conda/envs/ID_PY390/lib/python3.9/site-packages/ramanbiolib/search.py:1042: RuntimeWarning: invalid value encountered in divide
  spectra_a = (spectra_a - np.min(spectra_a))/(np.max(spectra_a) - np.min(spectra_a))
/home/gene/zhangym/.conda/envs/ID_PY390/lib/python3.9/site-packages/ramanbiolib/search.py:1042: RuntimeWarning: invalid value encountered in divide
  spectra_a = (spectra_a - np.min(spectra_a))/(np.max(spectra_a) - np.min(spectra_a))
/home/gene/zhangym/.conda/envs/ID_PY390/lib/python3.9/site-packages/ramanbiolib/search.py:1042: RuntimeWarning: invalid value encountered in divide
  spectra_a = (spectra_a - np.min(spectra_a))/(np.max(spectra_a) - np.min(spectra_a))
/home/gene/zhangym/.conda/envs/ID_PY390/lib/python3.9/site-packages/ramanbiolib/search.py:1042: RuntimeWarning: invalid value encountered in divide
  spectra_a = (spectra_a - np.min(spectra_a))/(np.max(spectra_a) - np.min(spectra_a))
/home/gene/zhangym/.conda/envs/ID_PY390/lib/python3.9/site-packages/ramanbiolib/search.py:1042: RuntimeWarning: invalid value encountered in divide
  spectra_a = (spectra_a - np.min(spectra_a))/(np.max(spectra_a) - np.min(spectra_a))
/home/gene/zhangym/.conda/envs/ID_PY390/lib/python3.9/site-packages/ramanbiolib/search.py:1042: RuntimeWarning: invalid value encountered in divide
  spectra_a = (spectra_a - np.min(spectra_a))/(np.max(spectra_a) - np.min(spectra_a))
/home/gene/zhangym/.conda/envs/ID_PY390/lib/python3.9/site-packages/ramanbiolib/search.py:1042: RuntimeWarning: invalid value encountered in divide
  spectra_a = (spectra_a - np.min(spectra_a))/(np.max(spectra_a) - np.min(spectra_a))
/home/gene/zhangym/.conda/envs/ID_PY390/lib/python3.9/site-packages/ramanbiolib/search.py:1042: RuntimeWarning: invalid value encountered in divide
  spectra_a = (spectra_a - np.min(spectra_a))/(np.max(spectra_a) - np.min(spectra_a))
